{"C:\\Users\\gureh\\OneDrive\\Desktop\\Coding\\Personal Projects\\PANTRYCHEFFV3\\PANTRYCHEFFV3\\src\\App.jsx": {"path":"C:\\Users\\gureh\\OneDrive\\Desktop\\Coding\\Personal Projects\\PANTRYCHEFFV3\\PANTRYCHEFFV3\\src\\App.jsx","statementMap":{"0":{"start":{"line":18,"column":26},"end":{"line":18,"column":null}},"1":{"start":{"line":21,"column":28},"end":{"line":21,"column":null}},"2":{"start":{"line":22,"column":28},"end":{"line":22,"column":null}},"3":{"start":{"line":23,"column":32},"end":{"line":23,"column":null}},"4":{"start":{"line":25,"column":2},"end":{"line":58,"column":null}},"5":{"start":{"line":27,"column":4},"end":{"line":33,"column":null}},"6":{"start":{"line":28,"column":16},"end":{"line":28,"column":null}},"7":{"start":{"line":29,"column":16},"end":{"line":29,"column":null}},"8":{"start":{"line":30,"column":6},"end":{"line":32,"column":null}},"9":{"start":{"line":31,"column":8},"end":{"line":31,"column":null}},"10":{"start":{"line":36,"column":24},"end":{"line":36,"column":null}},"11":{"start":{"line":36,"column":41},"end":{"line":36,"column":60}},"12":{"start":{"line":38,"column":4},"end":{"line":47,"column":null}},"13":{"start":{"line":40,"column":8},"end":{"line":40,"column":null}},"14":{"start":{"line":41,"column":8},"end":{"line":41,"column":null}},"15":{"start":{"line":44,"column":8},"end":{"line":44,"column":null}},"16":{"start":{"line":45,"column":8},"end":{"line":45,"column":null}},"17":{"start":{"line":47,"column":21},"end":{"line":47,"column":46}},"18":{"start":{"line":49,"column":39},"end":{"line":52,"column":null}},"19":{"start":{"line":50,"column":6},"end":{"line":50,"column":null}},"20":{"start":{"line":51,"column":6},"end":{"line":51,"column":null}},"21":{"start":{"line":54,"column":4},"end":{"line":57,"column":null}},"22":{"start":{"line":55,"column":6},"end":{"line":55,"column":null}},"23":{"start":{"line":56,"column":6},"end":{"line":56,"column":null}},"24":{"start":{"line":60,"column":46},"end":{"line":60,"column":null}},"25":{"start":{"line":64,"column":4},"end":{"line":64,"column":null}},"26":{"start":{"line":66,"column":4},"end":{"line":67,"column":null}},"27":{"start":{"line":69,"column":4},"end":{"line":70,"column":null}},"28":{"start":{"line":72,"column":4},"end":{"line":75,"column":null}},"29":{"start":{"line":76,"column":24},"end":{"line":76,"column":null}},"30":{"start":{"line":79,"column":2},"end":{"line":115,"column":null}},"31":{"start":{"line":80,"column":4},"end":{"line":80,"column":null}},"32":{"start":{"line":80,"column":62},"end":{"line":80,"column":null}},"33":{"start":{"line":82,"column":27},"end":{"line":89,"column":null}},"34":{"start":{"line":83,"column":21},"end":{"line":83,"column":null}},"35":{"start":{"line":84,"column":17},"end":{"line":84,"column":null}},"36":{"start":{"line":85,"column":6},"end":{"line":85,"column":null}},"37":{"start":{"line":85,"column":16},"end":{"line":85,"column":null}},"38":{"start":{"line":86,"column":19},"end":{"line":86,"column":null}},"39":{"start":{"line":87,"column":25},"end":{"line":87,"column":null}},"40":{"start":{"line":88,"column":6},"end":{"line":88,"column":null}},"41":{"start":{"line":91,"column":17},"end":{"line":91,"column":null}},"42":{"start":{"line":92,"column":4},"end":{"line":108,"column":null}},"43":{"start":{"line":93,"column":6},"end":{"line":106,"column":null}},"44":{"start":{"line":96,"column":26},"end":{"line":96,"column":null}},"45":{"start":{"line":97,"column":10},"end":{"line":104,"column":null}},"46":{"start":{"line":98,"column":12},"end":{"line":98,"column":null}},"47":{"start":{"line":99,"column":12},"end":{"line":99,"column":null}},"48":{"start":{"line":100,"column":25},"end":{"line":100,"column":null}},"49":{"start":{"line":101,"column":12},"end":{"line":101,"column":null}},"50":{"start":{"line":103,"column":12},"end":{"line":103,"column":null}},"51":{"start":{"line":106,"column":21},"end":{"line":106,"column":46}},"52":{"start":{"line":107,"column":6},"end":{"line":107,"column":null}},"53":{"start":{"line":110,"column":14},"end":{"line":113,"column":null}},"54":{"start":{"line":111,"column":6},"end":{"line":111,"column":null}},"55":{"start":{"line":112,"column":6},"end":{"line":112,"column":null}},"56":{"start":{"line":112,"column":41},"end":{"line":112,"column":null}},"57":{"start":{"line":114,"column":4},"end":{"line":114,"column":null}},"58":{"start":{"line":114,"column":17},"end":{"line":114,"column":null}},"59":{"start":{"line":117,"column":2},"end":{"line":119,"column":null}},"60":{"start":{"line":118,"column":4},"end":{"line":118,"column":null}},"61":{"start":{"line":121,"column":2},"end":{"line":180,"column":null}},"62":{"start":{"line":132,"column":18},"end":{"line":135,"column":null}},"63":{"start":{"line":133,"column":20},"end":{"line":133,"column":null}},"64":{"start":{"line":134,"column":20},"end":{"line":134,"column":null}}},"fnMap":{"0":{"name":"App","decl":{"start":{"line":20,"column":9},"end":{"line":20,"column":15}},"loc":{"start":{"line":20,"column":15},"end":{"line":182,"column":null}},"line":20},"1":{"name":"(anonymous_1)","decl":{"start":{"line":25,"column":12},"end":{"line":25,"column":18}},"loc":{"start":{"line":25,"column":18},"end":{"line":58,"column":5}},"line":25},"2":{"name":"(anonymous_2)","decl":{"start":{"line":36,"column":35},"end":{"line":36,"column":41}},"loc":{"start":{"line":36,"column":41},"end":{"line":36,"column":60}},"line":36},"3":{"name":"(anonymous_3)","decl":{"start":{"line":39,"column":12},"end":{"line":39,"column":13}},"loc":{"start":{"line":39,"column":39},"end":{"line":42,"column":7}},"line":39},"4":{"name":"(anonymous_4)","decl":{"start":{"line":43,"column":13},"end":{"line":43,"column":19}},"loc":{"start":{"line":43,"column":19},"end":{"line":46,"column":7}},"line":43},"5":{"name":"(anonymous_5)","decl":{"start":{"line":47,"column":15},"end":{"line":47,"column":21}},"loc":{"start":{"line":47,"column":21},"end":{"line":47,"column":46}},"line":47},"6":{"name":"(anonymous_6)","decl":{"start":{"line":49,"column":71},"end":{"line":49,"column":72}},"loc":{"start":{"line":49,"column":91},"end":{"line":52,"column":5}},"line":49},"7":{"name":"(anonymous_7)","decl":{"start":{"line":54,"column":11},"end":{"line":54,"column":17}},"loc":{"start":{"line":54,"column":17},"end":{"line":57,"column":null}},"line":54},"8":{"name":"(anonymous_8)","decl":{"start":{"line":79,"column":12},"end":{"line":79,"column":18}},"loc":{"start":{"line":79,"column":18},"end":{"line":115,"column":5}},"line":79},"9":{"name":"(anonymous_9)","decl":{"start":{"line":82,"column":27},"end":{"line":82,"column":33}},"loc":{"start":{"line":82,"column":33},"end":{"line":89,"column":null}},"line":82},"10":{"name":"(anonymous_10)","decl":{"start":{"line":95,"column":14},"end":{"line":95,"column":15}},"loc":{"start":{"line":95,"column":28},"end":{"line":105,"column":9}},"line":95},"11":{"name":"(anonymous_11)","decl":{"start":{"line":106,"column":15},"end":{"line":106,"column":21}},"loc":{"start":{"line":106,"column":21},"end":{"line":106,"column":46}},"line":106},"12":{"name":"(anonymous_12)","decl":{"start":{"line":110,"column":25},"end":{"line":110,"column":31}},"loc":{"start":{"line":110,"column":31},"end":{"line":113,"column":7}},"line":110},"13":{"name":"(anonymous_13)","decl":{"start":{"line":114,"column":11},"end":{"line":114,"column":17}},"loc":{"start":{"line":114,"column":17},"end":{"line":114,"column":null}},"line":114},"14":{"name":"(anonymous_14)","decl":{"start":{"line":131,"column":25},"end":{"line":131,"column":31}},"loc":{"start":{"line":131,"column":31},"end":{"line":136,"column":null}},"line":131}},"branchMap":{"0":{"loc":{"start":{"line":27,"column":4},"end":{"line":33,"column":null}},"type":"if","locations":[{"start":{"line":27,"column":4},"end":{"line":33,"column":null}},{"start":{},"end":{}}],"line":27},"1":{"loc":{"start":{"line":30,"column":6},"end":{"line":32,"column":null}},"type":"if","locations":[{"start":{"line":30,"column":6},"end":{"line":32,"column":null}},{"start":{},"end":{}}],"line":30},"2":{"loc":{"start":{"line":30,"column":10},"end":{"line":30,"column":70}},"type":"binary-expr","locations":[{"start":{"line":30,"column":10},"end":{"line":30,"column":41}},{"start":{"line":30,"column":41},"end":{"line":30,"column":70}}],"line":30},"3":{"loc":{"start":{"line":64,"column":4},"end":{"line":64,"column":null}},"type":"binary-expr","locations":[{"start":{"line":64,"column":4},"end":{"line":64,"column":37}},{"start":{"line":64,"column":37},"end":{"line":64,"column":null}}],"line":64},"4":{"loc":{"start":{"line":66,"column":4},"end":{"line":67,"column":null}},"type":"binary-expr","locations":[{"start":{"line":66,"column":4},"end":{"line":66,"column":null}},{"start":{"line":67,"column":5},"end":{"line":67,"column":57}},{"start":{"line":67,"column":57},"end":{"line":67,"column":null}}],"line":66},"5":{"loc":{"start":{"line":69,"column":4},"end":{"line":70,"column":null}},"type":"binary-expr","locations":[{"start":{"line":69,"column":4},"end":{"line":69,"column":null}},{"start":{"line":70,"column":5},"end":{"line":70,"column":49}},{"start":{"line":70,"column":49},"end":{"line":70,"column":null}}],"line":69},"6":{"loc":{"start":{"line":72,"column":4},"end":{"line":75,"column":null}},"type":"binary-expr","locations":[{"start":{"line":72,"column":4},"end":{"line":72,"column":null}},{"start":{"line":73,"column":5},"end":{"line":73,"column":18}},{"start":{"line":73,"column":18},"end":{"line":73,"column":null}},{"start":{"line":74,"column":4},"end":{"line":74,"column":null}},{"start":{"line":75,"column":5},"end":{"line":75,"column":24}},{"start":{"line":75,"column":24},"end":{"line":75,"column":null}}],"line":72},"7":{"loc":{"start":{"line":76,"column":24},"end":{"line":76,"column":null}},"type":"binary-expr","locations":[{"start":{"line":76,"column":24},"end":{"line":76,"column":45}},{"start":{"line":76,"column":45},"end":{"line":76,"column":null}}],"line":76},"8":{"loc":{"start":{"line":80,"column":4},"end":{"line":80,"column":null}},"type":"if","locations":[{"start":{"line":80,"column":4},"end":{"line":80,"column":null}},{"start":{},"end":{}}],"line":80},"9":{"loc":{"start":{"line":80,"column":8},"end":{"line":80,"column":62}},"type":"binary-expr","locations":[{"start":{"line":80,"column":8},"end":{"line":80,"column":44}},{"start":{"line":80,"column":44},"end":{"line":80,"column":62}}],"line":80},"10":{"loc":{"start":{"line":80,"column":10},"end":{"line":80,"column":44}},"type":"binary-expr","locations":[{"start":{"line":80,"column":10},"end":{"line":80,"column":31}},{"start":{"line":80,"column":31},"end":{"line":80,"column":44}}],"line":80},"11":{"loc":{"start":{"line":85,"column":6},"end":{"line":85,"column":null}},"type":"if","locations":[{"start":{"line":85,"column":6},"end":{"line":85,"column":null}},{"start":{},"end":{}}],"line":85},"12":{"loc":{"start":{"line":87,"column":45},"end":{"line":87,"column":69}},"type":"binary-expr","locations":[{"start":{"line":87,"column":45},"end":{"line":87,"column":67}},{"start":{"line":87,"column":67},"end":{"line":87,"column":69}}],"line":87},"13":{"loc":{"start":{"line":92,"column":4},"end":{"line":108,"column":null}},"type":"if","locations":[{"start":{"line":92,"column":4},"end":{"line":108,"column":null}},{"start":{},"end":{}}],"line":92},"14":{"loc":{"start":{"line":97,"column":10},"end":{"line":104,"column":null}},"type":"if","locations":[{"start":{"line":97,"column":10},"end":{"line":104,"column":null}},{"start":{"line":102,"column":17},"end":{"line":104,"column":null}}],"line":97},"15":{"loc":{"start":{"line":112,"column":6},"end":{"line":112,"column":null}},"type":"if","locations":[{"start":{"line":112,"column":6},"end":{"line":112,"column":null}},{"start":{},"end":{}}],"line":112},"16":{"loc":{"start":{"line":117,"column":2},"end":{"line":119,"column":null}},"type":"if","locations":[{"start":{"line":117,"column":2},"end":{"line":119,"column":null}},{"start":{},"end":{}}],"line":117},"17":{"loc":{"start":{"line":123,"column":7},"end":{"line":178,"column":null}},"type":"cond-expr","locations":[{"start":{"line":124,"column":8},"end":{"line":149,"column":null}},{"start":{"line":150,"column":10},"end":{"line":178,"column":null}}],"line":123},"18":{"loc":{"start":{"line":123,"column":7},"end":{"line":123,"column":null}},"type":"binary-expr","locations":[{"start":{"line":123,"column":7},"end":{"line":123,"column":28}},{"start":{"line":123,"column":28},"end":{"line":123,"column":null}}],"line":123},"19":{"loc":{"start":{"line":125,"column":11},"end":{"line":147,"column":null}},"type":"cond-expr","locations":[{"start":{"line":126,"column":12},"end":{"line":141,"column":null}},{"start":{"line":143,"column":12},"end":{"line":147,"column":null}}],"line":125},"20":{"loc":{"start":{"line":132,"column":18},"end":{"line":135,"column":null}},"type":"if","locations":[{"start":{"line":132,"column":18},"end":{"line":135,"column":null}},{"start":{},"end":{}}],"line":132},"21":{"loc":{"start":{"line":150,"column":10},"end":{"line":178,"column":null}},"type":"cond-expr","locations":[{"start":{"line":151,"column":8},"end":{"line":154,"column":null}},{"start":{"line":155,"column":10},"end":{"line":178,"column":null}}],"line":150},"22":{"loc":{"start":{"line":155,"column":10},"end":{"line":178,"column":null}},"type":"cond-expr","locations":[{"start":{"line":156,"column":8},"end":{"line":164,"column":null}},{"start":{"line":166,"column":8},"end":{"line":178,"column":null}}],"line":155}},"s":{"0":0,"1":0,"2":0,"3":0,"4":0,"5":0,"6":0,"7":0,"8":0,"9":0,"10":0,"11":0,"12":0,"13":0,"14":0,"15":0,"16":0,"17":0,"18":0,"19":0,"20":0,"21":0,"22":0,"23":0,"24":0,"25":0,"26":0,"27":0,"28":0,"29":0,"30":0,"31":0,"32":0,"33":0,"34":0,"35":0,"36":0,"37":0,"38":0,"39":0,"40":0,"41":0,"42":0,"43":0,"44":0,"45":0,"46":0,"47":0,"48":0,"49":0,"50":0,"51":0,"52":0,"53":0,"54":0,"55":0,"56":0,"57":0,"58":0,"59":0,"60":0,"61":0,"62":0,"63":0,"64":0},"f":{"0":0,"1":0,"2":0,"3":0,"4":0,"5":0,"6":0,"7":0,"8":0,"9":0,"10":0,"11":0,"12":0,"13":0,"14":0},"b":{"0":[0,0],"1":[0,0],"2":[0,0],"3":[0,0],"4":[0,0,0],"5":[0,0,0],"6":[0,0,0,0,0,0],"7":[0,0],"8":[0,0],"9":[0,0],"10":[0,0],"11":[0,0],"12":[0,0],"13":[0,0],"14":[0,0],"15":[0,0],"16":[0,0],"17":[0,0],"18":[0,0],"19":[0,0],"20":[0,0],"21":[0,0],"22":[0,0]},"meta":{"lastBranch":23,"lastFunction":15,"lastStatement":65,"seen":{"s:18:26:18:Infinity":0,"f:20:9:20:15":0,"s:21:28:21:Infinity":1,"s:22:28:22:Infinity":2,"s:23:32:23:Infinity":3,"s:25:2:58:Infinity":4,"f:25:12:25:18":1,"b:27:4:33:Infinity:undefined:undefined:undefined:undefined":0,"s:27:4:33:Infinity":5,"s:28:16:28:Infinity":6,"s:29:16:29:Infinity":7,"b:30:6:32:Infinity:undefined:undefined:undefined:undefined":1,"s:30:6:32:Infinity":8,"b:30:10:30:41:30:41:30:70":2,"s:31:8:31:Infinity":9,"s:36:24:36:Infinity":10,"f:36:35:36:41":2,"s:36:41:36:60":11,"s:38:4:47:Infinity":12,"f:39:12:39:13":3,"s:40:8:40:Infinity":13,"s:41:8:41:Infinity":14,"f:43:13:43:19":4,"s:44:8:44:Infinity":15,"s:45:8:45:Infinity":16,"f:47:15:47:21":5,"s:47:21:47:46":17,"s:49:39:52:Infinity":18,"f:49:71:49:72":6,"s:50:6:50:Infinity":19,"s:51:6:51:Infinity":20,"s:54:4:57:Infinity":21,"f:54:11:54:17":7,"s:55:6:55:Infinity":22,"s:56:6:56:Infinity":23,"s:60:46:60:Infinity":24,"s:64:4:64:Infinity":25,"b:64:4:64:37:64:37:64:Infinity":3,"s:66:4:67:Infinity":26,"b:66:4:66:Infinity:67:5:67:57:67:57:67:Infinity":4,"s:69:4:70:Infinity":27,"b:69:4:69:Infinity:70:5:70:49:70:49:70:Infinity":5,"s:72:4:75:Infinity":28,"b:72:4:72:Infinity:73:5:73:18:73:18:73:Infinity:74:4:74:Infinity:75:5:75:24:75:24:75:Infinity":6,"s:76:24:76:Infinity":29,"b:76:24:76:45:76:45:76:Infinity":7,"s:79:2:115:Infinity":30,"f:79:12:79:18":8,"b:80:4:80:Infinity:undefined:undefined:undefined:undefined":8,"s:80:4:80:Infinity":31,"b:80:8:80:44:80:44:80:62":9,"b:80:10:80:31:80:31:80:44":10,"s:80:62:80:Infinity":32,"s:82:27:89:Infinity":33,"f:82:27:82:33":9,"s:83:21:83:Infinity":34,"s:84:17:84:Infinity":35,"b:85:6:85:Infinity:undefined:undefined:undefined:undefined":11,"s:85:6:85:Infinity":36,"s:85:16:85:Infinity":37,"s:86:19:86:Infinity":38,"s:87:25:87:Infinity":39,"b:87:45:87:67:87:67:87:69":12,"s:88:6:88:Infinity":40,"s:91:17:91:Infinity":41,"b:92:4:108:Infinity:undefined:undefined:undefined:undefined":13,"s:92:4:108:Infinity":42,"s:93:6:106:Infinity":43,"f:95:14:95:15":10,"s:96:26:96:Infinity":44,"b:97:10:104:Infinity:102:17:104:Infinity":14,"s:97:10:104:Infinity":45,"s:98:12:98:Infinity":46,"s:99:12:99:Infinity":47,"s:100:25:100:Infinity":48,"s:101:12:101:Infinity":49,"s:103:12:103:Infinity":50,"f:106:15:106:21":11,"s:106:21:106:46":51,"s:107:6:107:Infinity":52,"s:110:14:113:Infinity":53,"f:110:25:110:31":12,"s:111:6:111:Infinity":54,"b:112:6:112:Infinity:undefined:undefined:undefined:undefined":15,"s:112:6:112:Infinity":55,"s:112:41:112:Infinity":56,"s:114:4:114:Infinity":57,"f:114:11:114:17":13,"s:114:17:114:Infinity":58,"b:117:2:119:Infinity:undefined:undefined:undefined:undefined":16,"s:117:2:119:Infinity":59,"s:118:4:118:Infinity":60,"s:121:2:180:Infinity":61,"b:124:8:149:Infinity:150:10:178:Infinity":17,"b:123:7:123:28:123:28:123:Infinity":18,"b:126:12:141:Infinity:143:12:147:Infinity":19,"f:131:25:131:31":14,"b:132:18:135:Infinity:undefined:undefined:undefined:undefined":20,"s:132:18:135:Infinity":62,"s:133:20:133:Infinity":63,"s:134:20:134:Infinity":64,"b:151:8:154:Infinity:155:10:178:Infinity":21,"b:156:8:164:Infinity:166:8:178:Infinity":22}}}
,"C:\\Users\\gureh\\OneDrive\\Desktop\\Coding\\Personal Projects\\PANTRYCHEFFV3\\PANTRYCHEFFV3\\src\\ErrorBoundary.jsx": {"path":"C:\\Users\\gureh\\OneDrive\\Desktop\\Coding\\Personal Projects\\PANTRYCHEFFV3\\PANTRYCHEFFV3\\src\\ErrorBoundary.jsx","statementMap":{"0":{"start":{"line":4,"column":10},"end":{"line":4,"column":null}},"1":{"start":{"line":7,"column":4},"end":{"line":7,"column":null}},"2":{"start":{"line":11,"column":4},"end":{"line":11,"column":null}},"3":{"start":{"line":15,"column":4},"end":{"line":31,"column":null}},"4":{"start":{"line":16,"column":6},"end":{"line":29,"column":null}},"5":{"start":{"line":24,"column":27},"end":{"line":24,"column":null}},"6":{"start":{"line":32,"column":4},"end":{"line":32,"column":null}}},"fnMap":{"0":{"name":"(anonymous_0)","decl":{"start":{"line":6,"column":9},"end":{"line":6,"column":34}},"loc":{"start":{"line":6,"column":41},"end":{"line":8,"column":null}},"line":6},"1":{"name":"(anonymous_1)","decl":{"start":{"line":10,"column":2},"end":{"line":10,"column":20}},"loc":{"start":{"line":10,"column":33},"end":{"line":12,"column":null}},"line":10},"2":{"name":"(anonymous_2)","decl":{"start":{"line":14,"column":2},"end":{"line":14,"column":11}},"loc":{"start":{"line":14,"column":11},"end":{"line":33,"column":null}},"line":14},"3":{"name":"(anonymous_3)","decl":{"start":{"line":24,"column":21},"end":{"line":24,"column":27}},"loc":{"start":{"line":24,"column":27},"end":{"line":24,"column":null}},"line":24}},"branchMap":{"0":{"loc":{"start":{"line":15,"column":4},"end":{"line":31,"column":null}},"type":"if","locations":[{"start":{"line":15,"column":4},"end":{"line":31,"column":null}},{"start":{},"end":{}}],"line":15},"1":{"loc":{"start":{"line":20,"column":13},"end":{"line":20,"column":null}},"type":"binary-expr","locations":[{"start":{"line":20,"column":13},"end":{"line":20,"column":42}},{"start":{"line":20,"column":42},"end":{"line":20,"column":null}}],"line":20}},"s":{"0":0,"1":0,"2":0,"3":0,"4":0,"5":0,"6":0},"f":{"0":0,"1":0,"2":0,"3":0},"b":{"0":[0,0],"1":[0,0]},"meta":{"lastBranch":2,"lastFunction":4,"lastStatement":7,"seen":{"s:4:10:4:Infinity":0,"f:6:9:6:34":0,"s:7:4:7:Infinity":1,"f:10:2:10:20":1,"s:11:4:11:Infinity":2,"f:14:2:14:11":2,"b:15:4:31:Infinity:undefined:undefined:undefined:undefined":0,"s:15:4:31:Infinity":3,"s:16:6:29:Infinity":4,"b:20:13:20:42:20:42:20:Infinity":1,"f:24:21:24:27":3,"s:24:27:24:Infinity":5,"s:32:4:32:Infinity":6}}}
,"C:\\Users\\gureh\\OneDrive\\Desktop\\Coding\\Personal Projects\\PANTRYCHEFFV3\\PANTRYCHEFFV3\\src\\vite-env.d.ts": {"path":"C:\\Users\\gureh\\OneDrive\\Desktop\\Coding\\Personal Projects\\PANTRYCHEFFV3\\PANTRYCHEFFV3\\src\\vite-env.d.ts","statementMap":{},"fnMap":{},"branchMap":{},"s":{},"f":{},"b":{},"meta":{"lastBranch":0,"lastFunction":0,"lastStatement":0,"seen":{}}}
,"C:\\Users\\gureh\\OneDrive\\Desktop\\Coding\\Personal Projects\\PANTRYCHEFFV3\\PANTRYCHEFFV3\\src\\components\\AddItemForm.jsx": {"path":"C:\\Users\\gureh\\OneDrive\\Desktop\\Coding\\Personal Projects\\PANTRYCHEFFV3\\PANTRYCHEFFV3\\src\\components\\AddItemForm.jsx","statementMap":{"0":{"start":{"line":6,"column":10},"end":{"line":6,"column":null}},"1":{"start":{"line":6,"column":46},"end":{"line":6,"column":59}},"2":{"start":{"line":7,"column":30},"end":{"line":7,"column":null}},"3":{"start":{"line":8,"column":32},"end":{"line":13,"column":null}},"4":{"start":{"line":15,"column":25},"end":{"line":27,"column":null}},"5":{"start":{"line":16,"column":8},"end":{"line":16,"column":null}},"6":{"start":{"line":17,"column":8},"end":{"line":17,"column":null}},"7":{"start":{"line":17,"column":28},"end":{"line":17,"column":null}},"8":{"start":{"line":19,"column":8},"end":{"line":19,"column":null}},"9":{"start":{"line":20,"column":8},"end":{"line":24,"column":null}},"10":{"start":{"line":25,"column":8},"end":{"line":25,"column":null}},"11":{"start":{"line":26,"column":8},"end":{"line":26,"column":null}},"12":{"start":{"line":29,"column":4},"end":{"line":98,"column":null}},"13":{"start":{"line":41,"column":41},"end":{"line":41,"column":null}},"14":{"start":{"line":54,"column":45},"end":{"line":54,"column":null}},"15":{"start":{"line":64,"column":45},"end":{"line":64,"column":null}},"16":{"start":{"line":85,"column":41},"end":{"line":85,"column":null}}},"fnMap":{"0":{"name":"AddItemForm","decl":{"start":{"line":5,"column":24},"end":{"line":5,"column":38}},"loc":{"start":{"line":5,"column":38},"end":{"line":100,"column":null}},"line":5},"1":{"name":"(anonymous_1)","decl":{"start":{"line":6,"column":35},"end":{"line":6,"column":36}},"loc":{"start":{"line":6,"column":46},"end":{"line":6,"column":59}},"line":6},"2":{"name":"(anonymous_2)","decl":{"start":{"line":15,"column":25},"end":{"line":15,"column":32}},"loc":{"start":{"line":15,"column":38},"end":{"line":27,"column":null}},"line":15},"3":{"name":"(anonymous_3)","decl":{"start":{"line":41,"column":34},"end":{"line":41,"column":35}},"loc":{"start":{"line":41,"column":41},"end":{"line":41,"column":null}},"line":41},"4":{"name":"(anonymous_4)","decl":{"start":{"line":54,"column":38},"end":{"line":54,"column":39}},"loc":{"start":{"line":54,"column":45},"end":{"line":54,"column":null}},"line":54},"5":{"name":"(anonymous_5)","decl":{"start":{"line":64,"column":38},"end":{"line":64,"column":39}},"loc":{"start":{"line":64,"column":45},"end":{"line":64,"column":null}},"line":64},"6":{"name":"(anonymous_6)","decl":{"start":{"line":85,"column":34},"end":{"line":85,"column":35}},"loc":{"start":{"line":85,"column":41},"end":{"line":85,"column":null}},"line":85}},"branchMap":{"0":{"loc":{"start":{"line":17,"column":8},"end":{"line":17,"column":null}},"type":"if","locations":[{"start":{"line":17,"column":8},"end":{"line":17,"column":null}},{"start":{},"end":{}}],"line":17},"1":{"loc":{"start":{"line":22,"column":22},"end":{"line":22,"column":null}},"type":"binary-expr","locations":[{"start":{"line":22,"column":22},"end":{"line":22,"column":51}},{"start":{"line":22,"column":51},"end":{"line":22,"column":null}}],"line":22},"2":{"loc":{"start":{"line":23,"column":25},"end":{"line":23,"column":null}},"type":"binary-expr","locations":[{"start":{"line":23,"column":25},"end":{"line":23,"column":49}},{"start":{"line":23,"column":49},"end":{"line":23,"column":null}}],"line":23},"3":{"loc":{"start":{"line":95,"column":21},"end":{"line":95,"column":null}},"type":"cond-expr","locations":[{"start":{"line":95,"column":31},"end":{"line":95,"column":78}},{"start":{"line":95,"column":78},"end":{"line":95,"column":null}}],"line":95}},"s":{"0":28,"1":48,"2":28,"3":28,"4":28,"5":3,"6":3,"7":0,"8":3,"9":3,"10":3,"11":3,"12":28,"13":13,"14":2,"15":1,"16":0},"f":{"0":28,"1":48,"2":3,"3":13,"4":2,"5":1,"6":0},"b":{"0":[0,3],"1":[3,2],"2":[3,3],"3":[3,25]},"meta":{"lastBranch":4,"lastFunction":7,"lastStatement":17,"seen":{"f:5:24:5:38":0,"s:6:10:6:Infinity":0,"f:6:35:6:36":1,"s:6:46:6:59":1,"s:7:30:7:Infinity":2,"s:8:32:13:Infinity":3,"s:15:25:27:Infinity":4,"f:15:25:15:32":2,"s:16:8:16:Infinity":5,"b:17:8:17:Infinity:undefined:undefined:undefined:undefined":0,"s:17:8:17:Infinity":6,"s:17:28:17:Infinity":7,"s:19:8:19:Infinity":8,"s:20:8:24:Infinity":9,"b:22:22:22:51:22:51:22:Infinity":1,"b:23:25:23:49:23:49:23:Infinity":2,"s:25:8:25:Infinity":10,"s:26:8:26:Infinity":11,"s:29:4:98:Infinity":12,"f:41:34:41:35":3,"s:41:41:41:Infinity":13,"f:54:38:54:39":4,"s:54:45:54:Infinity":14,"f:64:38:64:39":5,"s:64:45:64:Infinity":15,"f:85:34:85:35":6,"s:85:41:85:Infinity":16,"b:95:31:95:78:95:78:95:Infinity":3}}}
,"C:\\Users\\gureh\\OneDrive\\Desktop\\Coding\\Personal Projects\\PANTRYCHEFFV3\\PANTRYCHEFFV3\\src\\components\\Dashboard.jsx": {"path":"C:\\Users\\gureh\\OneDrive\\Desktop\\Coding\\Personal Projects\\PANTRYCHEFFV3\\PANTRYCHEFFV3\\src\\components\\Dashboard.jsx","statementMap":{"0":{"start":{"line":6,"column":10},"end":{"line":6,"column":null}},"1":{"start":{"line":6,"column":50},"end":{"line":6,"column":67}},"2":{"start":{"line":8,"column":4},"end":{"line":54,"column":null}}},"fnMap":{"0":{"name":"Dashboard","decl":{"start":{"line":5,"column":24},"end":{"line":5,"column":36}},"loc":{"start":{"line":5,"column":36},"end":{"line":56,"column":null}},"line":5},"1":{"name":"(anonymous_1)","decl":{"start":{"line":6,"column":39},"end":{"line":6,"column":40}},"loc":{"start":{"line":6,"column":50},"end":{"line":6,"column":67}},"line":6}},"branchMap":{},"s":{"0":0,"1":0,"2":0},"f":{"0":0,"1":0},"b":{},"meta":{"lastBranch":0,"lastFunction":2,"lastStatement":3,"seen":{"f:5:24:5:36":0,"s:6:10:6:Infinity":0,"f:6:39:6:40":1,"s:6:50:6:67":1,"s:8:4:54:Infinity":2}}}
,"C:\\Users\\gureh\\OneDrive\\Desktop\\Coding\\Personal Projects\\PANTRYCHEFFV3\\PANTRYCHEFFV3\\src\\components\\FavoritesPage.jsx": {"path":"C:\\Users\\gureh\\OneDrive\\Desktop\\Coding\\Personal Projects\\PANTRYCHEFFV3\\PANTRYCHEFFV3\\src\\components\\FavoritesPage.jsx","statementMap":{"0":{"start":{"line":8,"column":61},"end":{"line":8,"column":null}},"1":{"start":{"line":9,"column":30},"end":{"line":9,"column":null}},"2":{"start":{"line":11,"column":4},"end":{"line":22,"column":null}},"3":{"start":{"line":12,"column":25},"end":{"line":20,"column":null}},"4":{"start":{"line":13,"column":12},"end":{"line":13,"column":null}},"5":{"start":{"line":14,"column":12},"end":{"line":19,"column":null}},"6":{"start":{"line":15,"column":16},"end":{"line":15,"column":null}},"7":{"start":{"line":16,"column":16},"end":{"line":16,"column":null}},"8":{"start":{"line":16,"column":42},"end":{"line":16,"column":null}},"9":{"start":{"line":18,"column":16},"end":{"line":18,"column":null}},"10":{"start":{"line":21,"column":8},"end":{"line":21,"column":null}},"11":{"start":{"line":24,"column":4},"end":{"line":78,"column":null}},"12":{"start":{"line":56,"column":37},"end":{"line":56,"column":null}},"13":{"start":{"line":57,"column":24},"end":{"line":59,"column":null}},"14":{"start":{"line":58,"column":28},"end":{"line":58,"column":null}},"15":{"start":{"line":58,"column":55},"end":{"line":58,"column":77}},"16":{"start":{"line":61,"column":24},"end":{"line":73,"column":null}}},"fnMap":{"0":{"name":"FavoritesPage","decl":{"start":{"line":7,"column":24},"end":{"line":7,"column":40}},"loc":{"start":{"line":7,"column":40},"end":{"line":80,"column":null}},"line":7},"1":{"name":"(anonymous_1)","decl":{"start":{"line":11,"column":14},"end":{"line":11,"column":20}},"loc":{"start":{"line":11,"column":20},"end":{"line":22,"column":7}},"line":11},"2":{"name":"(anonymous_2)","decl":{"start":{"line":12,"column":25},"end":{"line":12,"column":37}},"loc":{"start":{"line":12,"column":37},"end":{"line":20,"column":null}},"line":12},"3":{"name":"(anonymous_3)","decl":{"start":{"line":55,"column":35},"end":{"line":55,"column":42}},"loc":{"start":{"line":55,"column":42},"end":{"line":75,"column":21}},"line":55},"4":{"name":"(anonymous_4)","decl":{"start":{"line":58,"column":50},"end":{"line":58,"column":55}},"loc":{"start":{"line":58,"column":55},"end":{"line":58,"column":77}},"line":58}},"branchMap":{"0":{"loc":{"start":{"line":16,"column":16},"end":{"line":16,"column":null}},"type":"if","locations":[{"start":{"line":16,"column":16},"end":{"line":16,"column":null}},{"start":{},"end":{}}],"line":16},"1":{"loc":{"start":{"line":36,"column":13},"end":{"line":76,"column":null}},"type":"cond-expr","locations":[{"start":{"line":37,"column":16},"end":{"line":40,"column":null}},{"start":{"line":41,"column":16},"end":{"line":76,"column":null}}],"line":36},"2":{"loc":{"start":{"line":41,"column":16},"end":{"line":76,"column":null}},"type":"cond-expr","locations":[{"start":{"line":42,"column":16},"end":{"line":52,"column":null}},{"start":{"line":54,"column":16},"end":{"line":76,"column":null}}],"line":41},"3":{"loc":{"start":{"line":57,"column":24},"end":{"line":59,"column":null}},"type":"if","locations":[{"start":{"line":57,"column":24},"end":{"line":59,"column":null}},{"start":{},"end":{}}],"line":57},"4":{"loc":{"start":{"line":58,"column":37},"end":{"line":58,"column":null}},"type":"binary-expr","locations":[{"start":{"line":58,"column":37},"end":{"line":58,"column":82}},{"start":{"line":58,"column":82},"end":{"line":58,"column":null}}],"line":58},"5":{"loc":{"start":{"line":66,"column":41},"end":{"line":66,"column":null}},"type":"binary-expr","locations":[{"start":{"line":66,"column":41},"end":{"line":66,"column":57}},{"start":{"line":66,"column":57},"end":{"line":66,"column":null}}],"line":66},"6":{"loc":{"start":{"line":69,"column":58},"end":{"line":69,"column":86}},"type":"binary-expr","locations":[{"start":{"line":69,"column":58},"end":{"line":69,"column":75}},{"start":{"line":69,"column":75},"end":{"line":69,"column":86}}],"line":69}},"s":{"0":0,"1":0,"2":0,"3":0,"4":0,"5":0,"6":0,"7":0,"8":0,"9":0,"10":0,"11":0,"12":0,"13":0,"14":0,"15":0,"16":0},"f":{"0":0,"1":0,"2":0,"3":0,"4":0},"b":{"0":[0,0],"1":[0,0],"2":[0,0],"3":[0,0],"4":[0,0],"5":[0,0],"6":[0,0]},"meta":{"lastBranch":7,"lastFunction":5,"lastStatement":17,"seen":{"f:7:24:7:40":0,"s:8:61:8:Infinity":0,"s:9:30:9:Infinity":1,"s:11:4:22:Infinity":2,"f:11:14:11:20":1,"s:12:25:20:Infinity":3,"f:12:25:12:37":2,"s:13:12:13:Infinity":4,"s:14:12:19:Infinity":5,"s:15:16:15:Infinity":6,"b:16:16:16:Infinity:undefined:undefined:undefined:undefined":0,"s:16:16:16:Infinity":7,"s:16:42:16:Infinity":8,"s:18:16:18:Infinity":9,"s:21:8:21:Infinity":10,"s:24:4:78:Infinity":11,"b:37:16:40:Infinity:41:16:76:Infinity":1,"b:42:16:52:Infinity:54:16:76:Infinity":2,"f:55:35:55:42":3,"s:56:37:56:Infinity":12,"b:57:24:59:Infinity:undefined:undefined:undefined:undefined":3,"s:57:24:59:Infinity":13,"s:58:28:58:Infinity":14,"b:58:37:58:82:58:82:58:Infinity":4,"f:58:50:58:55":4,"s:58:55:58:77":15,"s:61:24:73:Infinity":16,"b:66:41:66:57:66:57:66:Infinity":5,"b:69:58:69:75:69:75:69:86":6}}}
,"C:\\Users\\gureh\\OneDrive\\Desktop\\Coding\\Personal Projects\\PANTRYCHEFFV3\\PANTRYCHEFFV3\\src\\components\\ForgotPasswordPage.jsx": {"path":"C:\\Users\\gureh\\OneDrive\\Desktop\\Coding\\Personal Projects\\PANTRYCHEFFV3\\PANTRYCHEFFV3\\src\\components\\ForgotPasswordPage.jsx","statementMap":{"0":{"start":{"line":6,"column":26},"end":{"line":6,"column":null}},"1":{"start":{"line":7,"column":30},"end":{"line":7,"column":null}},"2":{"start":{"line":8,"column":30},"end":{"line":8,"column":null}},"3":{"start":{"line":9,"column":26},"end":{"line":9,"column":null}},"4":{"start":{"line":11,"column":25},"end":{"line":37,"column":null}},"5":{"start":{"line":12,"column":8},"end":{"line":12,"column":null}},"6":{"start":{"line":13,"column":8},"end":{"line":13,"column":null}},"7":{"start":{"line":14,"column":8},"end":{"line":14,"column":null}},"8":{"start":{"line":15,"column":8},"end":{"line":18,"column":null}},"9":{"start":{"line":16,"column":12},"end":{"line":16,"column":null}},"10":{"start":{"line":17,"column":12},"end":{"line":17,"column":null}},"11":{"start":{"line":19,"column":8},"end":{"line":36,"column":null}},"12":{"start":{"line":20,"column":12},"end":{"line":20,"column":null}},"13":{"start":{"line":21,"column":12},"end":{"line":23,"column":null}},"14":{"start":{"line":22,"column":16},"end":{"line":22,"column":null}},"15":{"start":{"line":25,"column":25},"end":{"line":25,"column":null}},"16":{"start":{"line":26,"column":31},"end":{"line":26,"column":null}},"17":{"start":{"line":27,"column":35},"end":{"line":29,"column":null}},"18":{"start":{"line":30,"column":12},"end":{"line":30,"column":null}},"19":{"start":{"line":30,"column":21},"end":{"line":30,"column":null}},"20":{"start":{"line":31,"column":12},"end":{"line":31,"column":null}},"21":{"start":{"line":33,"column":12},"end":{"line":33,"column":null}},"22":{"start":{"line":35,"column":12},"end":{"line":35,"column":null}},"23":{"start":{"line":39,"column":4},"end":{"line":95,"column":null}},"24":{"start":{"line":64,"column":45},"end":{"line":64,"column":null}}},"fnMap":{"0":{"name":"ForgotPasswordPage","decl":{"start":{"line":5,"column":24},"end":{"line":5,"column":43}},"loc":{"start":{"line":5,"column":64},"end":{"line":97,"column":null}},"line":5},"1":{"name":"(anonymous_1)","decl":{"start":{"line":11,"column":25},"end":{"line":11,"column":32}},"loc":{"start":{"line":11,"column":38},"end":{"line":37,"column":null}},"line":11},"2":{"name":"(anonymous_2)","decl":{"start":{"line":64,"column":38},"end":{"line":64,"column":39}},"loc":{"start":{"line":64,"column":45},"end":{"line":64,"column":null}},"line":64}},"branchMap":{"0":{"loc":{"start":{"line":15,"column":8},"end":{"line":18,"column":null}},"type":"if","locations":[{"start":{"line":15,"column":8},"end":{"line":18,"column":null}},{"start":{},"end":{}}],"line":15},"1":{"loc":{"start":{"line":21,"column":12},"end":{"line":23,"column":null}},"type":"if","locations":[{"start":{"line":21,"column":12},"end":{"line":23,"column":null}},{"start":{},"end":{}}],"line":21},"2":{"loc":{"start":{"line":21,"column":16},"end":{"line":21,"column":66}},"type":"binary-expr","locations":[{"start":{"line":21,"column":16},"end":{"line":21,"column":35}},{"start":{"line":21,"column":35},"end":{"line":21,"column":66}}],"line":21},"3":{"loc":{"start":{"line":30,"column":12},"end":{"line":30,"column":null}},"type":"if","locations":[{"start":{"line":30,"column":12},"end":{"line":30,"column":null}},{"start":{},"end":{}}],"line":30},"4":{"loc":{"start":{"line":33,"column":21},"end":{"line":33,"column":65}},"type":"binary-expr","locations":[{"start":{"line":33,"column":21},"end":{"line":33,"column":36}},{"start":{"line":33,"column":36},"end":{"line":33,"column":65}}],"line":33},"5":{"loc":{"start":{"line":72,"column":21},"end":{"line":73,"column":null}},"type":"binary-expr","locations":[{"start":{"line":72,"column":21},"end":{"line":72,"column":null}},{"start":{"line":73,"column":24},"end":{"line":73,"column":null}}],"line":72},"6":{"loc":{"start":{"line":75,"column":21},"end":{"line":76,"column":null}},"type":"binary-expr","locations":[{"start":{"line":75,"column":21},"end":{"line":75,"column":null}},{"start":{"line":76,"column":24},"end":{"line":76,"column":null}}],"line":75},"7":{"loc":{"start":{"line":84,"column":25},"end":{"line":84,"column":null}},"type":"cond-expr","locations":[{"start":{"line":84,"column":35},"end":{"line":84,"column":82}},{"start":{"line":84,"column":82},"end":{"line":84,"column":null}}],"line":84}},"s":{"0":0,"1":0,"2":0,"3":0,"4":0,"5":0,"6":0,"7":0,"8":0,"9":0,"10":0,"11":0,"12":0,"13":0,"14":0,"15":0,"16":0,"17":0,"18":0,"19":0,"20":0,"21":0,"22":0,"23":0,"24":0},"f":{"0":0,"1":0,"2":0},"b":{"0":[0,0],"1":[0,0],"2":[0,0],"3":[0,0],"4":[0,0],"5":[0,0],"6":[0,0],"7":[0,0]},"meta":{"lastBranch":8,"lastFunction":3,"lastStatement":25,"seen":{"f:5:24:5:43":0,"s:6:26:6:Infinity":0,"s:7:30:7:Infinity":1,"s:8:30:8:Infinity":2,"s:9:26:9:Infinity":3,"s:11:25:37:Infinity":4,"f:11:25:11:32":1,"s:12:8:12:Infinity":5,"s:13:8:13:Infinity":6,"s:14:8:14:Infinity":7,"b:15:8:18:Infinity:undefined:undefined:undefined:undefined":0,"s:15:8:18:Infinity":8,"s:16:12:16:Infinity":9,"s:17:12:17:Infinity":10,"s:19:8:36:Infinity":11,"s:20:12:20:Infinity":12,"b:21:12:23:Infinity:undefined:undefined:undefined:undefined":1,"s:21:12:23:Infinity":13,"b:21:16:21:35:21:35:21:66":2,"s:22:16:22:Infinity":14,"s:25:25:25:Infinity":15,"s:26:31:26:Infinity":16,"s:27:35:29:Infinity":17,"b:30:12:30:Infinity:undefined:undefined:undefined:undefined":3,"s:30:12:30:Infinity":18,"s:30:21:30:Infinity":19,"s:31:12:31:Infinity":20,"s:33:12:33:Infinity":21,"b:33:21:33:36:33:36:33:65":4,"s:35:12:35:Infinity":22,"s:39:4:95:Infinity":23,"f:64:38:64:39":2,"s:64:45:64:Infinity":24,"b:72:21:72:Infinity:73:24:73:Infinity":5,"b:75:21:75:Infinity:76:24:76:Infinity":6,"b:84:35:84:82:84:82:84:Infinity":7}}}
,"C:\\Users\\gureh\\OneDrive\\Desktop\\Coding\\Personal Projects\\PANTRYCHEFFV3\\PANTRYCHEFFV3\\src\\components\\LandingPage.jsx": {"path":"C:\\Users\\gureh\\OneDrive\\Desktop\\Coding\\Personal Projects\\PANTRYCHEFFV3\\PANTRYCHEFFV3\\src\\components\\LandingPage.jsx","statementMap":{"0":{"start":{"line":5,"column":10},"end":{"line":5,"column":null}},"1":{"start":{"line":6,"column":27},"end":{"line":6,"column":null}},"2":{"start":{"line":8,"column":4},"end":{"line":161,"column":null}}},"fnMap":{"0":{"name":"LandingPage","decl":{"start":{"line":4,"column":24},"end":{"line":4,"column":38}},"loc":{"start":{"line":4,"column":38},"end":{"line":163,"column":null}},"line":4}},"branchMap":{"0":{"loc":{"start":{"line":11,"column":13},"end":{"line":29,"column":null}},"type":"binary-expr","locations":[{"start":{"line":11,"column":13},"end":{"line":11,"column":null}},{"start":{"line":12,"column":16},"end":{"line":29,"column":null}}],"line":11},"1":{"loc":{"start":{"line":34,"column":62},"end":{"line":34,"column":95}},"type":"cond-expr","locations":[{"start":{"line":34,"column":79},"end":{"line":34,"column":88}},{"start":{"line":34,"column":88},"end":{"line":34,"column":95}}],"line":34}},"s":{"0":0,"1":0,"2":0},"f":{"0":0},"b":{"0":[0,0],"1":[0,0]},"meta":{"lastBranch":2,"lastFunction":1,"lastStatement":3,"seen":{"f:4:24:4:38":0,"s:5:10:5:Infinity":0,"s:6:27:6:Infinity":1,"s:8:4:161:Infinity":2,"b:11:13:11:Infinity:12:16:29:Infinity":0,"b:34:79:34:88:34:88:34:95":1}}}
,"C:\\Users\\gureh\\OneDrive\\Desktop\\Coding\\Personal Projects\\PANTRYCHEFFV3\\PANTRYCHEFFV3\\src\\components\\Layout.jsx": {"path":"C:\\Users\\gureh\\OneDrive\\Desktop\\Coding\\Personal Projects\\PANTRYCHEFFV3\\PANTRYCHEFFV3\\src\\components\\Layout.jsx","statementMap":{"0":{"start":{"line":6,"column":10},"end":{"line":6,"column":null}},"1":{"start":{"line":7,"column":19},"end":{"line":7,"column":null}},"2":{"start":{"line":9,"column":4},"end":{"line":15,"column":null}}},"fnMap":{"0":{"name":"Layout","decl":{"start":{"line":5,"column":24},"end":{"line":5,"column":31}},"loc":{"start":{"line":5,"column":45},"end":{"line":17,"column":null}},"line":5}},"branchMap":{"0":{"loc":{"start":{"line":12,"column":29},"end":{"line":12,"column":null}},"type":"cond-expr","locations":[{"start":{"line":12,"column":38},"end":{"line":12,"column":43}},{"start":{"line":12,"column":43},"end":{"line":12,"column":null}}],"line":12}},"s":{"0":0,"1":0,"2":0},"f":{"0":0},"b":{"0":[0,0]},"meta":{"lastBranch":1,"lastFunction":1,"lastStatement":3,"seen":{"f:5:24:5:31":0,"s:6:10:6:Infinity":0,"s:7:19:7:Infinity":1,"s:9:4:15:Infinity":2,"b:12:38:12:43:12:43:12:Infinity":0}}}
,"C:\\Users\\gureh\\OneDrive\\Desktop\\Coding\\Personal Projects\\PANTRYCHEFFV3\\PANTRYCHEFFV3\\src\\components\\Navbar.jsx": {"path":"C:\\Users\\gureh\\OneDrive\\Desktop\\Coding\\Personal Projects\\PANTRYCHEFFV3\\PANTRYCHEFFV3\\src\\components\\Navbar.jsx","statementMap":{"0":{"start":{"line":7,"column":10},"end":{"line":7,"column":null}},"1":{"start":{"line":8,"column":36},"end":{"line":8,"column":null}},"2":{"start":{"line":10,"column":21},"end":{"line":14,"column":null}},"3":{"start":{"line":11,"column":8},"end":{"line":13,"column":null}},"4":{"start":{"line":16,"column":22},"end":{"line":16,"column":null}},"5":{"start":{"line":16,"column":28},"end":{"line":16,"column":null}},"6":{"start":{"line":18,"column":25},"end":{"line":21,"column":null}},"7":{"start":{"line":19,"column":8},"end":{"line":19,"column":null}},"8":{"start":{"line":20,"column":8},"end":{"line":20,"column":null}},"9":{"start":{"line":23,"column":32},"end":{"line":43,"column":null}},"10":{"start":{"line":24,"column":26},"end":{"line":26,"column":null}},"11":{"start":{"line":27,"column":8},"end":{"line":27,"column":null}},"12":{"start":{"line":27,"column":24},"end":{"line":27,"column":null}},"13":{"start":{"line":29,"column":8},"end":{"line":42,"column":null}},"14":{"start":{"line":30,"column":30},"end":{"line":30,"column":null}},"15":{"start":{"line":31,"column":12},"end":{"line":35,"column":null}},"16":{"start":{"line":32,"column":16},"end":{"line":32,"column":null}},"17":{"start":{"line":33,"column":16},"end":{"line":33,"column":null}},"18":{"start":{"line":34,"column":16},"end":{"line":34,"column":null}},"19":{"start":{"line":36,"column":12},"end":{"line":36,"column":null}},"20":{"start":{"line":38,"column":12},"end":{"line":38,"column":null}},"21":{"start":{"line":39,"column":12},"end":{"line":39,"column":null}},"22":{"start":{"line":41,"column":12},"end":{"line":41,"column":null}},"23":{"start":{"line":45,"column":4},"end":{"line":238,"column":null}},"24":{"start":{"line":139,"column":43},"end":{"line":139,"column":null}}},"fnMap":{"0":{"name":"Navbar","decl":{"start":{"line":6,"column":24},"end":{"line":6,"column":33}},"loc":{"start":{"line":6,"column":33},"end":{"line":240,"column":null}},"line":6},"1":{"name":"(anonymous_1)","decl":{"start":{"line":10,"column":21},"end":{"line":10,"column":22}},"loc":{"start":{"line":10,"column":31},"end":{"line":14,"column":null}},"line":10},"2":{"name":"(anonymous_2)","decl":{"start":{"line":16,"column":22},"end":{"line":16,"column":28}},"loc":{"start":{"line":16,"column":28},"end":{"line":16,"column":null}},"line":16},"3":{"name":"(anonymous_3)","decl":{"start":{"line":18,"column":25},"end":{"line":18,"column":37}},"loc":{"start":{"line":18,"column":37},"end":{"line":21,"column":null}},"line":18},"4":{"name":"(anonymous_4)","decl":{"start":{"line":23,"column":32},"end":{"line":23,"column":44}},"loc":{"start":{"line":23,"column":44},"end":{"line":43,"column":null}},"line":23},"5":{"name":"(anonymous_5)","decl":{"start":{"line":139,"column":37},"end":{"line":139,"column":43}},"loc":{"start":{"line":139,"column":43},"end":{"line":139,"column":null}},"line":139}},"branchMap":{"0":{"loc":{"start":{"line":11,"column":15},"end":{"line":13,"column":null}},"type":"cond-expr","locations":[{"start":{"line":12,"column":14},"end":{"line":12,"column":null}},{"start":{"line":13,"column":14},"end":{"line":13,"column":null}}],"line":11},"1":{"loc":{"start":{"line":27,"column":8},"end":{"line":27,"column":null}},"type":"if","locations":[{"start":{"line":27,"column":8},"end":{"line":27,"column":null}},{"start":{},"end":{}}],"line":27},"2":{"loc":{"start":{"line":31,"column":12},"end":{"line":35,"column":null}},"type":"if","locations":[{"start":{"line":31,"column":12},"end":{"line":35,"column":null}},{"start":{},"end":{}}],"line":31},"3":{"loc":{"start":{"line":33,"column":22},"end":{"line":33,"column":66}},"type":"binary-expr","locations":[{"start":{"line":33,"column":22},"end":{"line":33,"column":39}},{"start":{"line":33,"column":39},"end":{"line":33,"column":66}}],"line":33},"4":{"loc":{"start":{"line":39,"column":18},"end":{"line":39,"column":60}},"type":"binary-expr","locations":[{"start":{"line":39,"column":18},"end":{"line":39,"column":33}},{"start":{"line":39,"column":33},"end":{"line":39,"column":60}}],"line":39},"5":{"loc":{"start":{"line":143,"column":29},"end":{"line":146,"column":null}},"type":"cond-expr","locations":[{"start":{"line":144,"column":32},"end":{"line":144,"column":null}},{"start":{"line":146,"column":32},"end":{"line":146,"column":null}}],"line":143},"6":{"loc":{"start":{"line":154,"column":13},"end":{"line":236,"column":null}},"type":"binary-expr","locations":[{"start":{"line":154,"column":13},"end":{"line":154,"column":null}},{"start":{"line":155,"column":16},"end":{"line":236,"column":null}}],"line":154}},"s":{"0":0,"1":0,"2":0,"3":0,"4":0,"5":0,"6":0,"7":0,"8":0,"9":0,"10":0,"11":0,"12":0,"13":0,"14":0,"15":0,"16":0,"17":0,"18":0,"19":0,"20":0,"21":0,"22":0,"23":0,"24":0},"f":{"0":0,"1":0,"2":0,"3":0,"4":0,"5":0},"b":{"0":[0,0],"1":[0,0],"2":[0,0],"3":[0,0],"4":[0,0],"5":[0,0],"6":[0,0]},"meta":{"lastBranch":7,"lastFunction":6,"lastStatement":25,"seen":{"f:6:24:6:33":0,"s:7:10:7:Infinity":0,"s:8:36:8:Infinity":1,"s:10:21:14:Infinity":2,"f:10:21:10:22":1,"s:11:8:13:Infinity":3,"b:12:14:12:Infinity:13:14:13:Infinity":0,"s:16:22:16:Infinity":4,"f:16:22:16:28":2,"s:16:28:16:Infinity":5,"s:18:25:21:Infinity":6,"f:18:25:18:37":3,"s:19:8:19:Infinity":7,"s:20:8:20:Infinity":8,"s:23:32:43:Infinity":9,"f:23:32:23:44":4,"s:24:26:26:Infinity":10,"b:27:8:27:Infinity:undefined:undefined:undefined:undefined":1,"s:27:8:27:Infinity":11,"s:27:24:27:Infinity":12,"s:29:8:42:Infinity":13,"s:30:30:30:Infinity":14,"b:31:12:35:Infinity:undefined:undefined:undefined:undefined":2,"s:31:12:35:Infinity":15,"s:32:16:32:Infinity":16,"s:33:16:33:Infinity":17,"b:33:22:33:39:33:39:33:66":3,"s:34:16:34:Infinity":18,"s:36:12:36:Infinity":19,"s:38:12:38:Infinity":20,"s:39:12:39:Infinity":21,"b:39:18:39:33:39:33:39:60":4,"s:41:12:41:Infinity":22,"s:45:4:238:Infinity":23,"f:139:37:139:43":5,"s:139:43:139:Infinity":24,"b:144:32:144:Infinity:146:32:146:Infinity":5,"b:154:13:154:Infinity:155:16:236:Infinity":6}}}
,"C:\\Users\\gureh\\OneDrive\\Desktop\\Coding\\Personal Projects\\PANTRYCHEFFV3\\PANTRYCHEFFV3\\src\\components\\PantryList.jsx": {"path":"C:\\Users\\gureh\\OneDrive\\Desktop\\Coding\\Personal Projects\\PANTRYCHEFFV3\\PANTRYCHEFFV3\\src\\components\\PantryList.jsx","statementMap":{"0":{"start":{"line":6,"column":70},"end":{"line":6,"column":null}},"1":{"start":{"line":7,"column":34},"end":{"line":7,"column":null}},"2":{"start":{"line":8,"column":32},"end":{"line":8,"column":null}},"3":{"start":{"line":9,"column":42},"end":{"line":9,"column":null}},"4":{"start":{"line":11,"column":4},"end":{"line":13,"column":null}},"5":{"start":{"line":12,"column":8},"end":{"line":12,"column":null}},"6":{"start":{"line":15,"column":25},"end":{"line":23,"column":null}},"7":{"start":{"line":16,"column":8},"end":{"line":16,"column":null}},"8":{"start":{"line":17,"column":8},"end":{"line":22,"column":null}},"9":{"start":{"line":25,"column":25},"end":{"line":36,"column":null}},"10":{"start":{"line":26,"column":8},"end":{"line":26,"column":null}},"11":{"start":{"line":27,"column":24},"end":{"line":32,"column":null}},"12":{"start":{"line":33,"column":8},"end":{"line":33,"column":null}},"13":{"start":{"line":34,"column":8},"end":{"line":34,"column":null}},"14":{"start":{"line":35,"column":8},"end":{"line":35,"column":null}},"15":{"start":{"line":38,"column":4},"end":{"line":45,"column":null}},"16":{"start":{"line":39,"column":8},"end":{"line":43,"column":null}},"17":{"start":{"line":47,"column":4},"end":{"line":155,"column":null}},"18":{"start":{"line":65,"column":24},"end":{"line":151,"column":null}},"19":{"start":{"line":75,"column":61},"end":{"line":75,"column":null}},"20":{"start":{"line":82,"column":61},"end":{"line":82,"column":null}},"21":{"start":{"line":89,"column":61},"end":{"line":89,"column":null}},"22":{"start":{"line":97,"column":57},"end":{"line":97,"column":null}},"23":{"start":{"line":102,"column":59},"end":{"line":102,"column":null}},"24":{"start":{"line":109,"column":59},"end":{"line":109,"column":null}},"25":{"start":{"line":136,"column":55},"end":{"line":136,"column":null}},"26":{"start":{"line":144,"column":51},"end":{"line":144,"column":null}}},"fnMap":{"0":{"name":"PantryList","decl":{"start":{"line":5,"column":24},"end":{"line":5,"column":37}},"loc":{"start":{"line":5,"column":37},"end":{"line":157,"column":null}},"line":5},"1":{"name":"(anonymous_1)","decl":{"start":{"line":11,"column":14},"end":{"line":11,"column":20}},"loc":{"start":{"line":11,"column":20},"end":{"line":13,"column":7}},"line":11},"2":{"name":"(anonymous_2)","decl":{"start":{"line":15,"column":25},"end":{"line":15,"column":26}},"loc":{"start":{"line":15,"column":35},"end":{"line":23,"column":null}},"line":15},"3":{"name":"(anonymous_3)","decl":{"start":{"line":25,"column":25},"end":{"line":25,"column":32}},"loc":{"start":{"line":25,"column":39},"end":{"line":36,"column":null}},"line":25},"4":{"name":"(anonymous_4)","decl":{"start":{"line":64,"column":36},"end":{"line":64,"column":37}},"loc":{"start":{"line":65,"column":24},"end":{"line":151,"column":null}},"line":65},"5":{"name":"(anonymous_5)","decl":{"start":{"line":75,"column":54},"end":{"line":75,"column":55}},"loc":{"start":{"line":75,"column":61},"end":{"line":75,"column":null}},"line":75},"6":{"name":"(anonymous_6)","decl":{"start":{"line":82,"column":54},"end":{"line":82,"column":55}},"loc":{"start":{"line":82,"column":61},"end":{"line":82,"column":null}},"line":82},"7":{"name":"(anonymous_7)","decl":{"start":{"line":89,"column":54},"end":{"line":89,"column":55}},"loc":{"start":{"line":89,"column":61},"end":{"line":89,"column":null}},"line":89},"8":{"name":"(anonymous_8)","decl":{"start":{"line":97,"column":50},"end":{"line":97,"column":51}},"loc":{"start":{"line":97,"column":57},"end":{"line":97,"column":null}},"line":97},"9":{"name":"(anonymous_9)","decl":{"start":{"line":102,"column":53},"end":{"line":102,"column":59}},"loc":{"start":{"line":102,"column":59},"end":{"line":102,"column":null}},"line":102},"10":{"name":"(anonymous_10)","decl":{"start":{"line":109,"column":53},"end":{"line":109,"column":59}},"loc":{"start":{"line":109,"column":59},"end":{"line":109,"column":null}},"line":109},"11":{"name":"(anonymous_11)","decl":{"start":{"line":136,"column":49},"end":{"line":136,"column":55}},"loc":{"start":{"line":136,"column":55},"end":{"line":136,"column":null}},"line":136},"12":{"name":"(anonymous_12)","decl":{"start":{"line":144,"column":45},"end":{"line":144,"column":51}},"loc":{"start":{"line":144,"column":51},"end":{"line":144,"column":null}},"line":144}},"branchMap":{"0":{"loc":{"start":{"line":21,"column":25},"end":{"line":21,"column":null}},"type":"binary-expr","locations":[{"start":{"line":21,"column":25},"end":{"line":21,"column":45}},{"start":{"line":21,"column":45},"end":{"line":21,"column":null}}],"line":21},"1":{"loc":{"start":{"line":29,"column":22},"end":{"line":29,"column":null}},"type":"binary-expr","locations":[{"start":{"line":29,"column":22},"end":{"line":29,"column":55}},{"start":{"line":29,"column":55},"end":{"line":29,"column":null}}],"line":29},"2":{"loc":{"start":{"line":31,"column":25},"end":{"line":31,"column":null}},"type":"binary-expr","locations":[{"start":{"line":31,"column":25},"end":{"line":31,"column":49}},{"start":{"line":31,"column":49},"end":{"line":31,"column":null}}],"line":31},"3":{"loc":{"start":{"line":38,"column":4},"end":{"line":45,"column":null}},"type":"if","locations":[{"start":{"line":38,"column":4},"end":{"line":45,"column":null}},{"start":{},"end":{}}],"line":38},"4":{"loc":{"start":{"line":38,"column":8},"end":{"line":38,"column":45}},"type":"binary-expr","locations":[{"start":{"line":38,"column":8},"end":{"line":38,"column":19}},{"start":{"line":38,"column":19},"end":{"line":38,"column":45}}],"line":38},"5":{"loc":{"start":{"line":58,"column":17},"end":{"line":152,"column":null}},"type":"cond-expr","locations":[{"start":{"line":59,"column":20},"end":{"line":62,"column":null}},{"start":{"line":64,"column":20},"end":{"line":152,"column":null}}],"line":58},"6":{"loc":{"start":{"line":69,"column":29},"end":{"line":130,"column":null}},"type":"cond-expr","locations":[{"start":{"line":70,"column":32},"end":{"line":115,"column":null}},{"start":{"line":117,"column":32},"end":{"line":130,"column":null}}],"line":69},"7":{"loc":{"start":{"line":106,"column":45},"end":{"line":106,"column":null}},"type":"cond-expr","locations":[{"start":{"line":106,"column":61},"end":{"line":106,"column":75}},{"start":{"line":106,"column":75},"end":{"line":106,"column":null}}],"line":106},"8":{"loc":{"start":{"line":123,"column":41},"end":{"line":127,"column":null}},"type":"binary-expr","locations":[{"start":{"line":123,"column":41},"end":{"line":123,"column":null}},{"start":{"line":124,"column":44},"end":{"line":127,"column":null}}],"line":123},"9":{"loc":{"start":{"line":134,"column":33},"end":{"line":141,"column":null}},"type":"binary-expr","locations":[{"start":{"line":134,"column":33},"end":{"line":134,"column":null}},{"start":{"line":135,"column":36},"end":{"line":141,"column":null}}],"line":134}},"s":{"0":5,"1":5,"2":5,"3":5,"4":5,"5":1,"6":5,"7":0,"8":0,"9":5,"10":0,"11":0,"12":0,"13":0,"14":0,"15":5,"16":2,"17":3,"18":1,"19":0,"20":0,"21":0,"22":0,"23":0,"24":0,"25":0,"26":0},"f":{"0":5,"1":1,"2":0,"3":0,"4":1,"5":0,"6":0,"7":0,"8":0,"9":0,"10":0,"11":0,"12":0},"b":{"0":[0,0],"1":[0,0],"2":[0,0],"3":[2,3],"4":[5,2],"5":[2,1],"6":[0,1],"7":[0,0],"8":[1,0],"9":[1,1]},"meta":{"lastBranch":10,"lastFunction":13,"lastStatement":27,"seen":{"f:5:24:5:37":0,"s:6:70:6:Infinity":0,"s:7:34:7:Infinity":1,"s:8:32:8:Infinity":2,"s:9:42:9:Infinity":3,"s:11:4:13:Infinity":4,"f:11:14:11:20":1,"s:12:8:12:Infinity":5,"s:15:25:23:Infinity":6,"f:15:25:15:26":2,"s:16:8:16:Infinity":7,"s:17:8:22:Infinity":8,"b:21:25:21:45:21:45:21:Infinity":0,"s:25:25:36:Infinity":9,"f:25:25:25:32":3,"s:26:8:26:Infinity":10,"s:27:24:32:Infinity":11,"b:29:22:29:55:29:55:29:Infinity":1,"b:31:25:31:49:31:49:31:Infinity":2,"s:33:8:33:Infinity":12,"s:34:8:34:Infinity":13,"s:35:8:35:Infinity":14,"b:38:4:45:Infinity:undefined:undefined:undefined:undefined":3,"s:38:4:45:Infinity":15,"b:38:8:38:19:38:19:38:45":4,"s:39:8:43:Infinity":16,"s:47:4:155:Infinity":17,"b:59:20:62:Infinity:64:20:152:Infinity":5,"f:64:36:64:37":4,"s:65:24:151:Infinity":18,"b:70:32:115:Infinity:117:32:130:Infinity":6,"f:75:54:75:55":5,"s:75:61:75:Infinity":19,"f:82:54:82:55":6,"s:82:61:82:Infinity":20,"f:89:54:89:55":7,"s:89:61:89:Infinity":21,"f:97:50:97:51":8,"s:97:57:97:Infinity":22,"f:102:53:102:59":9,"s:102:59:102:Infinity":23,"b:106:61:106:75:106:75:106:Infinity":7,"f:109:53:109:59":10,"s:109:59:109:Infinity":24,"b:123:41:123:Infinity:124:44:127:Infinity":8,"b:134:33:134:Infinity:135:36:141:Infinity":9,"f:136:49:136:55":11,"s:136:55:136:Infinity":25,"f:144:45:144:51":12,"s:144:51:144:Infinity":26}}}
,"C:\\Users\\gureh\\OneDrive\\Desktop\\Coding\\Personal Projects\\PANTRYCHEFFV3\\PANTRYCHEFFV3\\src\\components\\PantryPage.jsx": {"path":"C:\\Users\\gureh\\OneDrive\\Desktop\\Coding\\Personal Projects\\PANTRYCHEFFV3\\PANTRYCHEFFV3\\src\\components\\PantryPage.jsx","statementMap":{"0":{"start":{"line":6,"column":4},"end":{"line":17,"column":null}}},"fnMap":{"0":{"name":"PantryPage","decl":{"start":{"line":5,"column":24},"end":{"line":5,"column":37}},"loc":{"start":{"line":5,"column":37},"end":{"line":19,"column":null}},"line":5}},"branchMap":{},"s":{"0":1},"f":{"0":1},"b":{},"meta":{"lastBranch":0,"lastFunction":1,"lastStatement":1,"seen":{"f:5:24:5:37":0,"s:6:4:17:Infinity":0}}}
,"C:\\Users\\gureh\\OneDrive\\Desktop\\Coding\\Personal Projects\\PANTRYCHEFFV3\\PANTRYCHEFFV3\\src\\components\\PantryScanner.jsx": {"path":"C:\\Users\\gureh\\OneDrive\\Desktop\\Coding\\Personal Projects\\PANTRYCHEFFV3\\PANTRYCHEFFV3\\src\\components\\PantryScanner.jsx","statementMap":{"0":{"start":{"line":7,"column":28},"end":{"line":7,"column":null}},"1":{"start":{"line":8,"column":26},"end":{"line":8,"column":null}},"2":{"start":{"line":9,"column":34},"end":{"line":9,"column":null}},"3":{"start":{"line":10,"column":40},"end":{"line":10,"column":null}},"4":{"start":{"line":11,"column":24},"end":{"line":11,"column":null}},"5":{"start":{"line":12,"column":36},"end":{"line":12,"column":null}},"6":{"start":{"line":13,"column":10},"end":{"line":13,"column":null}},"7":{"start":{"line":14,"column":10},"end":{"line":14,"column":null}},"8":{"start":{"line":15,"column":21},"end":{"line":15,"column":null}},"9":{"start":{"line":17,"column":24},"end":{"line":50,"column":null}},"10":{"start":{"line":18,"column":8},"end":{"line":49,"column":null}},"11":{"start":{"line":19,"column":27},"end":{"line":19,"column":null}},"12":{"start":{"line":20,"column":12},"end":{"line":47,"column":null}},"13":{"start":{"line":21,"column":28},"end":{"line":21,"column":null}},"14":{"start":{"line":22,"column":16},"end":{"line":45,"column":null}},"15":{"start":{"line":23,"column":35},"end":{"line":23,"column":null}},"16":{"start":{"line":24,"column":32},"end":{"line":24,"column":null}},"17":{"start":{"line":25,"column":33},"end":{"line":25,"column":null}},"18":{"start":{"line":26,"column":36},"end":{"line":26,"column":null}},"19":{"start":{"line":28,"column":20},"end":{"line":38,"column":null}},"20":{"start":{"line":29,"column":24},"end":{"line":32,"column":null}},"21":{"start":{"line":30,"column":28},"end":{"line":30,"column":null}},"22":{"start":{"line":31,"column":28},"end":{"line":31,"column":null}},"23":{"start":{"line":34,"column":24},"end":{"line":37,"column":null}},"24":{"start":{"line":35,"column":28},"end":{"line":35,"column":null}},"25":{"start":{"line":36,"column":28},"end":{"line":36,"column":null}},"26":{"start":{"line":40,"column":20},"end":{"line":40,"column":null}},"27":{"start":{"line":41,"column":20},"end":{"line":41,"column":null}},"28":{"start":{"line":42,"column":32},"end":{"line":42,"column":null}},"29":{"start":{"line":43,"column":20},"end":{"line":43,"column":null}},"30":{"start":{"line":44,"column":20},"end":{"line":44,"column":null}},"31":{"start":{"line":46,"column":16},"end":{"line":46,"column":null}},"32":{"start":{"line":48,"column":12},"end":{"line":48,"column":null}},"33":{"start":{"line":52,"column":24},"end":{"line":61,"column":null}},"34":{"start":{"line":53,"column":8},"end":{"line":53,"column":null}},"35":{"start":{"line":53,"column":47},"end":{"line":53,"column":null}},"36":{"start":{"line":54,"column":8},"end":{"line":60,"column":null}},"37":{"start":{"line":55,"column":33},"end":{"line":55,"column":null}},"38":{"start":{"line":56,"column":12},"end":{"line":56,"column":null}},"39":{"start":{"line":58,"column":12},"end":{"line":58,"column":null}},"40":{"start":{"line":59,"column":12},"end":{"line":59,"column":null}},"41":{"start":{"line":63,"column":29},"end":{"line":67,"column":null}},"42":{"start":{"line":64,"column":21},"end":{"line":64,"column":null}},"43":{"start":{"line":65,"column":8},"end":{"line":65,"column":null}},"44":{"start":{"line":65,"column":18},"end":{"line":65,"column":null}},"45":{"start":{"line":66,"column":8},"end":{"line":66,"column":null}},"46":{"start":{"line":69,"column":27},"end":{"line":73,"column":null}},"47":{"start":{"line":70,"column":8},"end":{"line":70,"column":null}},"48":{"start":{"line":71,"column":8},"end":{"line":71,"column":null}},"49":{"start":{"line":72,"column":8},"end":{"line":72,"column":null}},"50":{"start":{"line":75,"column":28},"end":{"line":79,"column":null}},"51":{"start":{"line":76,"column":8},"end":{"line":76,"column":null}},"52":{"start":{"line":77,"column":8},"end":{"line":77,"column":null}},"53":{"start":{"line":78,"column":8},"end":{"line":78,"column":null}},"54":{"start":{"line":81,"column":23},"end":{"line":87,"column":null}},"55":{"start":{"line":82,"column":8},"end":{"line":82,"column":null}},"56":{"start":{"line":83,"column":8},"end":{"line":83,"column":null}},"57":{"start":{"line":84,"column":8},"end":{"line":84,"column":null}},"58":{"start":{"line":85,"column":21},"end":{"line":85,"column":null}},"59":{"start":{"line":86,"column":8},"end":{"line":86,"column":null}},"60":{"start":{"line":86,"column":18},"end":{"line":86,"column":null}},"61":{"start":{"line":89,"column":25},"end":{"line":126,"column":null}},"62":{"start":{"line":90,"column":8},"end":{"line":90,"column":null}},"63":{"start":{"line":90,"column":20},"end":{"line":90,"column":null}},"64":{"start":{"line":91,"column":8},"end":{"line":91,"column":null}},"65":{"start":{"line":92,"column":8},"end":{"line":125,"column":null}},"66":{"start":{"line":94,"column":32},"end":{"line":94,"column":null}},"67":{"start":{"line":96,"column":36},"end":{"line":101,"column":null}},"68":{"start":{"line":103,"column":12},"end":{"line":114,"column":null}},"69":{"start":{"line":105,"column":29},"end":{"line":105,"column":null}},"70":{"start":{"line":106,"column":16},"end":{"line":111,"column":null}},"71":{"start":{"line":107,"column":20},"end":{"line":110,"column":null}},"72":{"start":{"line":108,"column":40},"end":{"line":108,"column":null}},"73":{"start":{"line":109,"column":24},"end":{"line":109,"column":null}},"74":{"start":{"line":112,"column":16},"end":{"line":112,"column":null}},"75":{"start":{"line":113,"column":16},"end":{"line":113,"column":null}},"76":{"start":{"line":117,"column":26},"end":{"line":117,"column":null}},"77":{"start":{"line":118,"column":12},"end":{"line":118,"column":null}},"78":{"start":{"line":119,"column":12},"end":{"line":119,"column":null}},"79":{"start":{"line":121,"column":12},"end":{"line":121,"column":null}},"80":{"start":{"line":122,"column":12},"end":{"line":122,"column":null}},"81":{"start":{"line":124,"column":12},"end":{"line":124,"column":null}},"82":{"start":{"line":128,"column":26},"end":{"line":134,"column":null}},"83":{"start":{"line":129,"column":8},"end":{"line":129,"column":null}},"84":{"start":{"line":130,"column":8},"end":{"line":130,"column":null}},"85":{"start":{"line":131,"column":8},"end":{"line":131,"column":null}},"86":{"start":{"line":132,"column":8},"end":{"line":132,"column":null}},"87":{"start":{"line":133,"column":8},"end":{"line":133,"column":null}},"88":{"start":{"line":136,"column":23},"end":{"line":138,"column":null}},"89":{"start":{"line":137,"column":8},"end":{"line":137,"column":null}},"90":{"start":{"line":137,"column":54},"end":{"line":137,"column":65}},"91":{"start":{"line":140,"column":4},"end":{"line":150,"column":null}},"92":{"start":{"line":141,"column":8},"end":{"line":148,"column":null}},"93":{"start":{"line":143,"column":31},"end":{"line":143,"column":null}},"94":{"start":{"line":152,"column":4},"end":{"line":312,"column":null}},"95":{"start":{"line":157,"column":43},"end":{"line":157,"column":61}},"96":{"start":{"line":169,"column":55},"end":{"line":169,"column":null}},"97":{"start":{"line":178,"column":55},"end":{"line":178,"column":null}},"98":{"start":{"line":200,"column":66},"end":{"line":200,"column":87}},"99":{"start":{"line":200,"column":87},"end":{"line":200,"column":119}},"100":{"start":{"line":207,"column":66},"end":{"line":207,"column":87}},"101":{"start":{"line":207,"column":87},"end":{"line":207,"column":117}},"102":{"start":{"line":255,"column":55},"end":{"line":255,"column":74}},"103":{"start":{"line":268,"column":40},"end":{"line":284,"column":null}},"104":{"start":{"line":279,"column":63},"end":{"line":279,"column":null}},"105":{"start":{"line":292,"column":40},"end":{"line":292,"column":null}},"106":{"start":{"line":293,"column":40},"end":{"line":293,"column":null}}},"fnMap":{"0":{"name":"PantryScanner","decl":{"start":{"line":6,"column":24},"end":{"line":6,"column":40}},"loc":{"start":{"line":6,"column":40},"end":{"line":314,"column":null}},"line":6},"1":{"name":"(anonymous_1)","decl":{"start":{"line":17,"column":24},"end":{"line":17,"column":25}},"loc":{"start":{"line":17,"column":34},"end":{"line":50,"column":null}},"line":17},"2":{"name":"(anonymous_2)","decl":{"start":{"line":18,"column":27},"end":{"line":18,"column":28}},"loc":{"start":{"line":18,"column":40},"end":{"line":49,"column":9}},"line":18},"3":{"name":"(anonymous_3)","decl":{"start":{"line":20,"column":28},"end":{"line":20,"column":29}},"loc":{"start":{"line":20,"column":35},"end":{"line":47,"column":null}},"line":20},"4":{"name":"(anonymous_4)","decl":{"start":{"line":22,"column":29},"end":{"line":22,"column":35}},"loc":{"start":{"line":22,"column":35},"end":{"line":45,"column":null}},"line":22},"5":{"name":"(anonymous_5)","decl":{"start":{"line":52,"column":24},"end":{"line":52,"column":31}},"loc":{"start":{"line":52,"column":40},"end":{"line":61,"column":null}},"line":52},"6":{"name":"(anonymous_6)","decl":{"start":{"line":63,"column":29},"end":{"line":63,"column":36}},"loc":{"start":{"line":63,"column":42},"end":{"line":67,"column":null}},"line":63},"7":{"name":"(anonymous_7)","decl":{"start":{"line":69,"column":27},"end":{"line":69,"column":28}},"loc":{"start":{"line":69,"column":34},"end":{"line":73,"column":null}},"line":69},"8":{"name":"(anonymous_8)","decl":{"start":{"line":75,"column":28},"end":{"line":75,"column":29}},"loc":{"start":{"line":75,"column":35},"end":{"line":79,"column":null}},"line":75},"9":{"name":"(anonymous_9)","decl":{"start":{"line":81,"column":23},"end":{"line":81,"column":30}},"loc":{"start":{"line":81,"column":36},"end":{"line":87,"column":null}},"line":81},"10":{"name":"(anonymous_10)","decl":{"start":{"line":89,"column":25},"end":{"line":89,"column":37}},"loc":{"start":{"line":89,"column":37},"end":{"line":126,"column":null}},"line":89},"11":{"name":"(anonymous_11)","decl":{"start":{"line":128,"column":26},"end":{"line":128,"column":38}},"loc":{"start":{"line":128,"column":38},"end":{"line":134,"column":null}},"line":128},"12":{"name":"(anonymous_12)","decl":{"start":{"line":136,"column":23},"end":{"line":136,"column":24}},"loc":{"start":{"line":136,"column":34},"end":{"line":138,"column":null}},"line":136},"13":{"name":"(anonymous_13)","decl":{"start":{"line":137,"column":44},"end":{"line":137,"column":45}},"loc":{"start":{"line":137,"column":54},"end":{"line":137,"column":65}},"line":137},"14":{"name":"(anonymous_14)","decl":{"start":{"line":143,"column":25},"end":{"line":143,"column":31}},"loc":{"start":{"line":143,"column":31},"end":{"line":143,"column":null}},"line":143},"15":{"name":"(anonymous_15)","decl":{"start":{"line":157,"column":37},"end":{"line":157,"column":43}},"loc":{"start":{"line":157,"column":43},"end":{"line":157,"column":61}},"line":157},"16":{"name":"(anonymous_16)","decl":{"start":{"line":169,"column":49},"end":{"line":169,"column":55}},"loc":{"start":{"line":169,"column":55},"end":{"line":169,"column":null}},"line":169},"17":{"name":"(anonymous_17)","decl":{"start":{"line":178,"column":49},"end":{"line":178,"column":55}},"loc":{"start":{"line":178,"column":55},"end":{"line":178,"column":null}},"line":178},"18":{"name":"(anonymous_18)","decl":{"start":{"line":200,"column":57},"end":{"line":200,"column":58}},"loc":{"start":{"line":200,"column":64},"end":{"line":200,"column":null}},"line":200},"19":{"name":"(anonymous_19)","decl":{"start":{"line":207,"column":57},"end":{"line":207,"column":58}},"loc":{"start":{"line":207,"column":64},"end":{"line":207,"column":null}},"line":207},"20":{"name":"(anonymous_20)","decl":{"start":{"line":255,"column":49},"end":{"line":255,"column":55}},"loc":{"start":{"line":255,"column":55},"end":{"line":255,"column":74}},"line":255},"21":{"name":"(anonymous_21)","decl":{"start":{"line":267,"column":53},"end":{"line":267,"column":54}},"loc":{"start":{"line":268,"column":40},"end":{"line":284,"column":null}},"line":268},"22":{"name":"(anonymous_22)","decl":{"start":{"line":279,"column":57},"end":{"line":279,"column":63}},"loc":{"start":{"line":279,"column":63},"end":{"line":279,"column":null}},"line":279},"23":{"name":"(anonymous_23)","decl":{"start":{"line":291,"column":45},"end":{"line":291,"column":51}},"loc":{"start":{"line":291,"column":51},"end":{"line":294,"column":null}},"line":291}},"branchMap":{"0":{"loc":{"start":{"line":28,"column":20},"end":{"line":38,"column":null}},"type":"if","locations":[{"start":{"line":28,"column":20},"end":{"line":38,"column":null}},{"start":{"line":33,"column":27},"end":{"line":38,"column":null}}],"line":28},"1":{"loc":{"start":{"line":29,"column":24},"end":{"line":32,"column":null}},"type":"if","locations":[{"start":{"line":29,"column":24},"end":{"line":32,"column":null}},{"start":{},"end":{}}],"line":29},"2":{"loc":{"start":{"line":34,"column":24},"end":{"line":37,"column":null}},"type":"if","locations":[{"start":{"line":34,"column":24},"end":{"line":37,"column":null}},{"start":{},"end":{}}],"line":34},"3":{"loc":{"start":{"line":53,"column":8},"end":{"line":53,"column":null}},"type":"if","locations":[{"start":{"line":53,"column":8},"end":{"line":53,"column":null}},{"start":{},"end":{}}],"line":53},"4":{"loc":{"start":{"line":65,"column":8},"end":{"line":65,"column":null}},"type":"if","locations":[{"start":{"line":65,"column":8},"end":{"line":65,"column":null}},{"start":{},"end":{}}],"line":65},"5":{"loc":{"start":{"line":86,"column":8},"end":{"line":86,"column":null}},"type":"if","locations":[{"start":{"line":86,"column":8},"end":{"line":86,"column":null}},{"start":{},"end":{}}],"line":86},"6":{"loc":{"start":{"line":90,"column":8},"end":{"line":90,"column":null}},"type":"if","locations":[{"start":{"line":90,"column":8},"end":{"line":90,"column":null}},{"start":{},"end":{}}],"line":90},"7":{"loc":{"start":{"line":103,"column":12},"end":{"line":114,"column":null}},"type":"if","locations":[{"start":{"line":103,"column":12},"end":{"line":114,"column":null}},{"start":{},"end":{}}],"line":103},"8":{"loc":{"start":{"line":105,"column":29},"end":{"line":105,"column":null}},"type":"binary-expr","locations":[{"start":{"line":105,"column":29},"end":{"line":105,"column":46}},{"start":{"line":105,"column":46},"end":{"line":105,"column":null}}],"line":105},"9":{"loc":{"start":{"line":106,"column":16},"end":{"line":111,"column":null}},"type":"if","locations":[{"start":{"line":106,"column":16},"end":{"line":111,"column":null}},{"start":{},"end":{}}],"line":106},"10":{"loc":{"start":{"line":109,"column":33},"end":{"line":109,"column":null}},"type":"binary-expr","locations":[{"start":{"line":109,"column":33},"end":{"line":109,"column":50}},{"start":{"line":109,"column":50},"end":{"line":109,"column":null}}],"line":109},"11":{"loc":{"start":{"line":117,"column":26},"end":{"line":117,"column":null}},"type":"cond-expr","locations":[{"start":{"line":117,"column":48},"end":{"line":117,"column":55}},{"start":{"line":117,"column":55},"end":{"line":117,"column":null}}],"line":117},"12":{"loc":{"start":{"line":122,"column":34},"end":{"line":122,"column":70}},"type":"binary-expr","locations":[{"start":{"line":122,"column":34},"end":{"line":122,"column":51}},{"start":{"line":122,"column":51},"end":{"line":122,"column":70}}],"line":122},"13":{"loc":{"start":{"line":140,"column":4},"end":{"line":150,"column":null}},"type":"if","locations":[{"start":{"line":140,"column":4},"end":{"line":150,"column":null}},{"start":{},"end":{}}],"line":140},"14":{"loc":{"start":{"line":163,"column":21},"end":{"line":308,"column":null}},"type":"cond-expr","locations":[{"start":{"line":164,"column":24},"end":{"line":250,"column":null}},{"start":{"line":252,"column":24},"end":{"line":308,"column":null}}],"line":163},"15":{"loc":{"start":{"line":165,"column":29},"end":{"line":230,"column":null}},"type":"cond-expr","locations":[{"start":{"line":166,"column":32},"end":{"line":174,"column":null}},{"start":{"line":176,"column":32},"end":{"line":230,"column":null}}],"line":165},"16":{"loc":{"start":{"line":183,"column":44},"end":{"line":185,"column":null}},"type":"cond-expr","locations":[{"start":{"line":184,"column":50},"end":{"line":184,"column":null}},{"start":{"line":185,"column":50},"end":{"line":185,"column":null}}],"line":183},"17":{"loc":{"start":{"line":192,"column":45},"end":{"line":192,"column":null}},"type":"cond-expr","locations":[{"start":{"line":192,"column":58},"end":{"line":192,"column":78}},{"start":{"line":192,"column":78},"end":{"line":192,"column":null}}],"line":192},"18":{"loc":{"start":{"line":234,"column":42},"end":{"line":234,"column":null}},"type":"binary-expr","locations":[{"start":{"line":234,"column":42},"end":{"line":234,"column":52}},{"start":{"line":234,"column":52},"end":{"line":234,"column":null}}],"line":234},"19":{"loc":{"start":{"line":238,"column":33},"end":{"line":247,"column":null}},"type":"cond-expr","locations":[{"start":{"line":239,"column":36},"end":{"line":242,"column":null}},{"start":{"line":244,"column":36},"end":{"line":247,"column":null}}],"line":238},"20":{"loc":{"start":{"line":261,"column":33},"end":{"line":285,"column":null}},"type":"cond-expr","locations":[{"start":{"line":262,"column":36},"end":{"line":265,"column":null}},{"start":{"line":267,"column":36},"end":{"line":285,"column":null}}],"line":261}},"s":{"0":5,"1":5,"2":5,"3":5,"4":5,"5":5,"6":5,"7":5,"8":5,"9":5,"10":0,"11":0,"12":0,"13":0,"14":0,"15":0,"16":0,"17":0,"18":0,"19":0,"20":0,"21":0,"22":0,"23":0,"24":0,"25":0,"26":0,"27":0,"28":0,"29":0,"30":0,"31":0,"32":0,"33":5,"34":0,"35":0,"36":0,"37":0,"38":0,"39":0,"40":0,"41":5,"42":0,"43":0,"44":0,"45":0,"46":5,"47":0,"48":0,"49":0,"50":5,"51":0,"52":0,"53":0,"54":5,"55":0,"56":0,"57":0,"58":0,"59":0,"60":0,"61":5,"62":0,"63":0,"64":0,"65":0,"66":0,"67":0,"68":0,"69":0,"70":0,"71":0,"72":0,"73":0,"74":0,"75":0,"76":0,"77":0,"78":0,"79":0,"80":0,"81":0,"82":5,"83":0,"84":0,"85":0,"86":0,"87":0,"88":5,"89":0,"90":0,"91":5,"92":5,"93":0,"94":0,"95":0,"96":0,"97":0,"98":0,"99":0,"100":0,"101":0,"102":0,"103":0,"104":0,"105":0,"106":0},"f":{"0":5,"1":0,"2":0,"3":0,"4":0,"5":0,"6":0,"7":0,"8":0,"9":0,"10":0,"11":0,"12":0,"13":0,"14":0,"15":0,"16":0,"17":0,"18":0,"19":0,"20":0,"21":0,"22":0,"23":0},"b":{"0":[0,0],"1":[0,0],"2":[0,0],"3":[0,0],"4":[0,0],"5":[0,0],"6":[0,0],"7":[0,0],"8":[0,0],"9":[0,0],"10":[0,0],"11":[0,0],"12":[0,0],"13":[5,0],"14":[0,0],"15":[0,0],"16":[0,0],"17":[0,0],"18":[0,0],"19":[0,0],"20":[0,0]},"meta":{"lastBranch":21,"lastFunction":24,"lastStatement":107,"seen":{"f:6:24:6:40":0,"s:7:28:7:Infinity":0,"s:8:26:8:Infinity":1,"s:9:34:9:Infinity":2,"s:10:40:10:Infinity":3,"s:11:24:11:Infinity":4,"s:12:36:12:Infinity":5,"s:13:10:13:Infinity":6,"s:14:10:14:Infinity":7,"s:15:21:15:Infinity":8,"s:17:24:50:Infinity":9,"f:17:24:17:25":1,"s:18:8:49:Infinity":10,"f:18:27:18:28":2,"s:19:27:19:Infinity":11,"s:20:12:47:Infinity":12,"f:20:28:20:29":3,"s:21:28:21:Infinity":13,"s:22:16:45:Infinity":14,"f:22:29:22:35":4,"s:23:35:23:Infinity":15,"s:24:32:24:Infinity":16,"s:25:33:25:Infinity":17,"s:26:36:26:Infinity":18,"b:28:20:38:Infinity:33:27:38:Infinity":0,"s:28:20:38:Infinity":19,"b:29:24:32:Infinity:undefined:undefined:undefined:undefined":1,"s:29:24:32:Infinity":20,"s:30:28:30:Infinity":21,"s:31:28:31:Infinity":22,"b:34:24:37:Infinity:undefined:undefined:undefined:undefined":2,"s:34:24:37:Infinity":23,"s:35:28:35:Infinity":24,"s:36:28:36:Infinity":25,"s:40:20:40:Infinity":26,"s:41:20:41:Infinity":27,"s:42:32:42:Infinity":28,"s:43:20:43:Infinity":29,"s:44:20:44:Infinity":30,"s:46:16:46:Infinity":31,"s:48:12:48:Infinity":32,"s:52:24:61:Infinity":33,"f:52:24:52:31":5,"b:53:8:53:Infinity:undefined:undefined:undefined:undefined":3,"s:53:8:53:Infinity":34,"s:53:47:53:Infinity":35,"s:54:8:60:Infinity":36,"s:55:33:55:Infinity":37,"s:56:12:56:Infinity":38,"s:58:12:58:Infinity":39,"s:59:12:59:Infinity":40,"s:63:29:67:Infinity":41,"f:63:29:63:36":6,"s:64:21:64:Infinity":42,"b:65:8:65:Infinity:undefined:undefined:undefined:undefined":4,"s:65:8:65:Infinity":43,"s:65:18:65:Infinity":44,"s:66:8:66:Infinity":45,"s:69:27:73:Infinity":46,"f:69:27:69:28":7,"s:70:8:70:Infinity":47,"s:71:8:71:Infinity":48,"s:72:8:72:Infinity":49,"s:75:28:79:Infinity":50,"f:75:28:75:29":8,"s:76:8:76:Infinity":51,"s:77:8:77:Infinity":52,"s:78:8:78:Infinity":53,"s:81:23:87:Infinity":54,"f:81:23:81:30":9,"s:82:8:82:Infinity":55,"s:83:8:83:Infinity":56,"s:84:8:84:Infinity":57,"s:85:21:85:Infinity":58,"b:86:8:86:Infinity:undefined:undefined:undefined:undefined":5,"s:86:8:86:Infinity":59,"s:86:18:86:Infinity":60,"s:89:25:126:Infinity":61,"f:89:25:89:37":10,"b:90:8:90:Infinity:undefined:undefined:undefined:undefined":6,"s:90:8:90:Infinity":62,"s:90:20:90:Infinity":63,"s:91:8:91:Infinity":64,"s:92:8:125:Infinity":65,"s:94:32:94:Infinity":66,"s:96:36:101:Infinity":67,"b:103:12:114:Infinity:undefined:undefined:undefined:undefined":7,"s:103:12:114:Infinity":68,"s:105:29:105:Infinity":69,"b:105:29:105:46:105:46:105:Infinity":8,"b:106:16:111:Infinity:undefined:undefined:undefined:undefined":9,"s:106:16:111:Infinity":70,"s:107:20:110:Infinity":71,"s:108:40:108:Infinity":72,"s:109:24:109:Infinity":73,"b:109:33:109:50:109:50:109:Infinity":10,"s:112:16:112:Infinity":74,"s:113:16:113:Infinity":75,"s:117:26:117:Infinity":76,"b:117:48:117:55:117:55:117:Infinity":11,"s:118:12:118:Infinity":77,"s:119:12:119:Infinity":78,"s:121:12:121:Infinity":79,"s:122:12:122:Infinity":80,"b:122:34:122:51:122:51:122:70":12,"s:124:12:124:Infinity":81,"s:128:26:134:Infinity":82,"f:128:26:128:38":11,"s:129:8:129:Infinity":83,"s:130:8:130:Infinity":84,"s:131:8:131:Infinity":85,"s:132:8:132:Infinity":86,"s:133:8:133:Infinity":87,"s:136:23:138:Infinity":88,"f:136:23:136:24":12,"s:137:8:137:Infinity":89,"f:137:44:137:45":13,"s:137:54:137:65":90,"b:140:4:150:Infinity:undefined:undefined:undefined:undefined":13,"s:140:4:150:Infinity":91,"s:141:8:148:Infinity":92,"f:143:25:143:31":14,"s:143:31:143:Infinity":93,"s:152:4:312:Infinity":94,"f:157:37:157:43":15,"s:157:43:157:61":95,"b:164:24:250:Infinity:252:24:308:Infinity":14,"b:166:32:174:Infinity:176:32:230:Infinity":15,"f:169:49:169:55":16,"s:169:55:169:Infinity":96,"f:178:49:178:55":17,"s:178:55:178:Infinity":97,"b:184:50:184:Infinity:185:50:185:Infinity":16,"b:192:58:192:78:192:78:192:Infinity":17,"f:200:57:200:58":18,"s:200:66:200:87":98,"s:200:87:200:119":99,"f:207:57:207:58":19,"s:207:66:207:87":100,"s:207:87:207:117":101,"b:234:42:234:52:234:52:234:Infinity":18,"b:239:36:242:Infinity:244:36:247:Infinity":19,"f:255:49:255:55":20,"s:255:55:255:74":102,"b:262:36:265:Infinity:267:36:285:Infinity":20,"f:267:53:267:54":21,"s:268:40:284:Infinity":103,"f:279:57:279:63":22,"s:279:63:279:Infinity":104,"f:291:45:291:51":23,"s:292:40:292:Infinity":105,"s:293:40:293:Infinity":106}}}
[...]
29}},{"start":{"line":52,"column":33},"end":{"line":52,"column":35}}],"line":52},"7":{"loc":{"start":{"line":57,"column":8},"end":{"line":57,"column":73}},"type":"if","locations":[{"start":{"line":57,"column":8},"end":{"line":57,"column":73}},{"start":{},"end":{}}],"line":57},"8":{"loc":{"start":{"line":61,"column":12},"end":{"line":62,"column":67}},"type":"binary-expr","locations":[{"start":{"line":61,"column":13},"end":{"line":61,"column":24}},{"start":{"line":61,"column":28},"end":{"line":61,"column":53}},{"start":{"line":62,"column":13},"end":{"line":62,"column":26}},{"start":{"line":62,"column":30},"end":{"line":62,"column":66}}],"line":61},"9":{"loc":{"start":{"line":66,"column":12},"end":{"line":101,"column":13}},"type":"if","locations":[{"start":{"line":66,"column":12},"end":{"line":101,"column":13}},{"start":{"line":83,"column":19},"end":{"line":101,"column":13}}],"line":66},"10":{"loc":{"start":{"line":74,"column":16},"end":{"line":74,"column":38}},"type":"if","locations":[{"start":{"line":74,"column":16},"end":{"line":74,"column":38}},{"start":{},"end":{}}],"line":74},"11":{"loc":{"start":{"line":78,"column":24},"end":{"line":79,"column":79}},"type":"binary-expr","locations":[{"start":{"line":78,"column":25},"end":{"line":78,"column":36}},{"start":{"line":78,"column":40},"end":{"line":78,"column":65}},{"start":{"line":79,"column":25},"end":{"line":79,"column":38}},{"start":{"line":79,"column":42},"end":{"line":79,"column":78}}],"line":78},"12":{"loc":{"start":{"line":87,"column":31},"end":{"line":87,"column":59}},"type":"cond-expr","locations":[{"start":{"line":87,"column":43},"end":{"line":87,"column":52}},{"start":{"line":87,"column":55},"end":{"line":87,"column":59}}],"line":87},"13":{"loc":{"start":{"line":88,"column":33},"end":{"line":88,"column":58}},"type":"cond-expr","locations":[{"start":{"line":88,"column":45},"end":{"line":88,"column":49}},{"start":{"line":88,"column":52},"end":{"line":88,"column":58}}],"line":88},"14":{"loc":{"start":{"line":96,"column":16},"end":{"line":96,"column":38}},"type":"if","locations":[{"start":{"line":96,"column":16},"end":{"line":96,"column":38}},{"start":{},"end":{}}],"line":96},"15":{"loc":{"start":{"line":97,"column":16},"end":{"line":100,"column":17}},"type":"if","locations":[{"start":{"line":97,"column":16},"end":{"line":100,"column":17}},{"start":{},"end":{}}],"line":97}},"s":{"0":2,"1":2,"2":5,"3":5,"4":5,"5":5,"6":1,"7":4,"8":4,"9":5,"10":1,"11":4,"12":4,"13":3,"14":3,"15":1,"16":4,"17":5,"18":1,"19":5,"20":2,"21":2,"22":1,"23":1,"24":1,"25":5,"26":5,"27":1,"28":4,"29":4,"30":1,"31":4,"32":4,"33":1,"34":1,"35":0,"36":1,"37":1,"38":1,"39":3,"40":3,"41":3,"42":1,"43":2,"44":2,"45":2,"46":1,"47":1},"f":{"0":2,"1":5,"2":5,"3":2,"4":5,"5":1,"6":1},"b":{"0":[1,4],"1":[4,0],"2":[1,4],"3":[5,5],"4":[3,1],"5":[1,1],"6":[1,0],"7":[1,4],"8":[1,1,0,0],"9":[1,3],"10":[0,1],"11":[1,1,0,0],"12":[3,0],"13":[3,0],"14":[1,2],"15":[2,0]},"meta":{"lastBranch":16,"lastFunction":7,"lastStatement":48,"seen":{"s:4:29:107:3":0,"f:4:37:4:38":0,"s:4:52:107:1":1,"f:10:18:10:23":1,"s:11:8:11:30":2,"s:12:8:40:9":3,"s:13:36:16:52":4,"b:18:12:18:34:undefined:undefined:undefined:undefined":0,"s:18:12:18:34":5,"s:18:23:18:34":6,"s:21:34:21:43":7,"s:22:12:33:15":8,"b:22:13:22:17:22:21:22:23":1,"f:22:33:22:39":2,"b:23:16:23:77:undefined:undefined:undefined:undefined":2,"s:23:16:23:77":9,"b:23:20:23:34:23:38:23:69":3,"s:23:71:23:77":10,"s:24:35:24:54":11,"b:25:16:31:17:undefined:undefined:undefined:undefined":4,"s:25:16:31:17":12,"s:26:20:30:21":13,"s:27:24:27:70":14,"s:29:24:29:41":15,"s:32:16:32:76":16,"s:35:12:35:64":17,"s:37:12:37:41":18,"s:39:12:39:35":19,"f:43:20:43:25":3,"s:44:35:44:64":20,"b:45:8:45:25:undefined:undefined:undefined:undefined":5,"s:45:8:45:25":21,"s:45:19:45:25":22,"s:47:25:50:35":23,"s:52:8:52:38":24,"b:52:25:52:29:52:33:52:35":6,"f:55:20:55:25":4,"s:56:35:56:64":25,"b:57:8:57:73:undefined:undefined:undefined:undefined":7,"s:57:8:57:73":26,"s:57:19:57:73":27,"s:59:30:59:35":28,"s:60:28:63:9":29,"f:60:43:60:44":5,"s:61:12:62:67":30,"b:61:13:61:24:61:28:61:53:62:13:62:26:62:30:62:66":8,"s:65:8:105:9":31,"b:66:12:101:13:83:19:101:13":9,"s:66:12:101:13":32,"s:68:34:72:91":33,"b:74:16:74:38:undefined:undefined:undefined:undefined":10,"s:74:16:74:38":34,"s:74:27:74:38":35,"s:76:16:81:18":36,"f:77:48:77:49":6,"s:78:24:79:79":37,"b:78:25:78:36:78:40:78:65:79:25:79:38:79:42:79:78":11,"s:82:16:82:40":38,"s:85:31:89:17":39,"b:87:43:87:52:87:55:87:59":12,"b:88:45:88:49:88:52:88:58":13,"s:91:40:94:29":40,"b:96:16:96:38:undefined:undefined:undefined:undefined":14,"s:96:16:96:38":41,"s:96:27:96:38":42,"b:97:16:100:17:undefined:undefined:undefined:undefined":15,"s:97:16:100:17":43,"s:98:20:98:63":44,"s:99:20:99:44":45,"s:103:12:103:58":46,"s:104:12:104:59":47}}}
,"C:\\Users\\gureh\\OneDrive\\Desktop\\Coding\\Personal Projects\\PANTRYCHEFFV3\\PANTRYCHEFFV3\\src\\store\\shoppingListStore.js": {"path":"C:\\Users\\gureh\\OneDrive\\Desktop\\Coding\\Personal Projects\\PANTRYCHEFFV3\\PANTRYCHEFFV3\\src\\store\\shoppingListStore.js","statementMap":{"0":{"start":{"line":4,"column":35},"end":{"line":89,"column":3}},"1":{"start":{"line":4,"column":53},"end":{"line":89,"column":1}},"2":{"start":{"line":10,"column":8},"end":{"line":10,"column":30}},"3":{"start":{"line":11,"column":8},"end":{"line":23,"column":9}},"4":{"start":{"line":12,"column":36},"end":{"line":15,"column":58}},"5":{"start":{"line":17,"column":12},"end":{"line":17,"column":34}},"6":{"start":{"line":17,"column":23},"end":{"line":17,"column":34}},"7":{"start":{"line":18,"column":12},"end":{"line":18,"column":38}},"8":{"start":{"line":20,"column":12},"end":{"line":20,"column":41}},"9":{"start":{"line":22,"column":12},"end":{"line":22,"column":35}},"10":{"start":{"line":27,"column":8},"end":{"line":43,"column":9}},"11":{"start":{"line":28,"column":39},"end":{"line":28,"column":68}},"12":{"start":{"line":29,"column":12},"end":{"line":29,"column":60}},"13":{"start":{"line":29,"column":23},"end":{"line":29,"column":60}},"14":{"start":{"line":31,"column":36},"end":{"line":34,"column":25}},"15":{"start":{"line":36,"column":12},"end":{"line":36,"column":34}},"16":{"start":{"line":36,"column":23},"end":{"line":36,"column":34}},"17":{"start":{"line":38,"column":12},"end":{"line":38,"column":66}},"18":{"start":{"line":38,"column":28},"end":{"line":38,"column":64}},"19":{"start":{"line":39,"column":12},"end":{"line":39,"column":36}},"20":{"start":{"line":41,"column":12},"end":{"line":41,"column":41}},"21":{"start":{"line":42,"column":12},"end":{"line":42,"column":59}},"22":{"start":{"line":47,"column":8},"end":{"line":69,"column":9}},"23":{"start":{"line":49,"column":12},"end":{"line":53,"column":15}},"24":{"start":{"line":49,"column":28},"end":{"line":53,"column":13}},"25":{"start":{"line":51,"column":20},"end":{"line":51,"column":64}},"26":{"start":{"line":55,"column":30},"end":{"line":58,"column":29}},"27":{"start":{"line":60,"column":12},"end":{"line":60,"column":34}},"28":{"start":{"line":60,"column":23},"end":{"line":60,"column":34}},"29":{"start":{"line":63,"column":12},"end":{"line":67,"column":15}},"30":{"start":{"line":63,"column":28},"end":{"line":67,"column":13}},"31":{"start":{"line":65,"column":20},"end":{"line":65,"column":74}},"32":{"start":{"line":68,"column":12},"end":{"line":68,"column":41}},"33":{"start":{"line":73,"column":8},"end":{"line":87,"column":9}},"34":{"start":{"line":74,"column":12},"end":{"line":76,"column":15}},"35":{"start":{"line":74,"column":28},"end":{"line":76,"column":13}},"36":{"start":{"line":75,"column":50},"end":{"line":75,"column":64}},"37":{"start":{"line":78,"column":30},"end":{"line":81,"column":29}},"38":{"start":{"line":83,"column":12},"end":{"line":83,"column":34}},"39":{"start":{"line":83,"column":23},"end":{"line":83,"column":34}},"40":{"start":{"line":85,"column":12},"end":{"line":85,"column":41}}},"fnMap":{"0":{"name":"(anonymous_0)","decl":{"start":{"line":4,"column":43},"end":{"line":4,"column":44}},"loc":{"start":{"line":4,"column":53},"end":{"line":89,"column":1}},"line":4},"1":{"name":"(anonymous_1)","decl":{"start":{"line":9,"column":16},"end":{"line":9,"column":21}},"loc":{"start":{"line":9,"column":28},"end":{"line":24,"column":5}},"line":9},"2":{"name":"(anonymous_2)","decl":{"start":{"line":26,"column":13},"end":{"line":26,"column":18}},"loc":{"start":{"line":26,"column":29},"end":{"line":44,"column":5}},"line":26},"3":{"name":"(anonymous_3)","decl":{"start":{"line":38,"column":16},"end":{"line":38,"column":17}},"loc":{"start":{"line":38,"column":28},"end":{"line":38,"column":64}},"line":38},"4":{"name":"(anonymous_4)","decl":{"start":{"line":46,"column":16},"end":{"line":46,"column":21}},"loc":{"start":{"line":46,"column":39},"end":{"line":70,"column":5}},"line":46},"5":{"name":"(anonymous_5)","decl":{"start":{"line":49,"column":16},"end":{"line":49,"column":17}},"loc":{"start":{"line":49,"column":28},"end":{"line":53,"column":13}},"line":49},"6":{"name":"(anonymous_6)","decl":{"start":{"line":50,"column":39},"end":{"line":50,"column":43}},"loc":{"start":{"line":51,"column":20},"end":{"line":51,"column":64}},"line":51},"7":{"name":"(anonymous_7)","decl":{"start":{"line":63,"column":16},"end":{"line":63,"column":17}},"loc":{"start":{"line":63,"column":28},"end":{"line":67,"column":13}},"line":63},"8":{"name":"(anonymous_8)","decl":{"start":{"line":64,"column":39},"end":{"line":64,"column":43}},"loc":{"start":{"line":65,"column":20},"end":{"line":65,"column":74}},"line":65},"9":{"name":"(anonymous_9)","decl":{"start":{"line":72,"column":16},"end":{"line":72,"column":21}},"loc":{"start":{"line":72,"column":30},"end":{"line":88,"column":5}},"line":72},"10":{"name":"(anonymous_10)","decl":{"start":{"line":74,"column":16},"end":{"line":74,"column":17}},"loc":{"start":{"line":74,"column":28},"end":{"line":76,"column":13}},"line":74},"11":{"name":"(anonymous_11)","decl":{"start":{"line":75,"column":42},"end":{"line":75,"column":46}},"loc":{"start":{"line":75,"column":50},"end":{"line":75,"column":64}},"line":75}},"branchMap":{"0":{"loc":{"start":{"line":17,"column":12},"end":{"line":17,"column":34}},"type":"if","locations":[{"start":{"line":17,"column":12},"end":{"line":17,"column":34}},{"start":{},"end":{}}],"line":17},"1":{"loc":{"start":{"line":18,"column":25},"end":{"line":18,"column":35}},"type":"binary-expr","locations":[{"start":{"line":18,"column":25},"end":{"line":18,"column":29}},{"start":{"line":18,"column":33},"end":{"line":18,"column":35}}],"line":18},"2":{"loc":{"start":{"line":29,"column":12},"end":{"line":29,"column":60}},"type":"if","locations":[{"start":{"line":29,"column":12},"end":{"line":29,"column":60}},{"start":{},"end":{}}],"line":29},"3":{"loc":{"start":{"line":36,"column":12},"end":{"line":36,"column":34}},"type":"if","locations":[{"start":{"line":36,"column":12},"end":{"line":36,"column":34}},{"start":{},"end":{}}],"line":36},"4":{"loc":{"start":{"line":51,"column":20},"end":{"line":51,"column":64}},"type":"cond-expr","locations":[{"start":{"line":51,"column":37},"end":{"line":51,"column":57}},{"start":{"line":51,"column":60},"end":{"line":51,"column":64}}],"line":51},"5":{"loc":{"start":{"line":60,"column":12},"end":{"line":60,"column":34}},"type":"if","locations":[{"start":{"line":60,"column":12},"end":{"line":60,"column":34}},{"start":{},"end":{}}],"line":60},"6":{"loc":{"start":{"line":65,"column":20},"end":{"line":65,"column":74}},"type":"cond-expr","locations":[{"start":{"line":65,"column":37},"end":{"line":65,"column":67}},{"start":{"line":65,"column":70},"end":{"line":65,"column":74}}],"line":65},"7":{"loc":{"start":{"line":83,"column":12},"end":{"line":83,"column":34}},"type":"if","locations":[{"start":{"line":83,"column":12},"end":{"line":83,"column":34}},{"start":{},"end":{}}],"line":83}},"s":{"0":2,"1":2,"2":3,"3":3,"4":3,"5":3,"6":1,"7":2,"8":1,"9":3,"10":4,"11":4,"12":4,"13":1,"14":3,"15":3,"16":1,"17":2,"18":2,"19":2,"20":2,"21":2,"22":2,"23":2,"24":2,"25":2,"26":2,"27":2,"28":1,"29":1,"30":1,"31":1,"32":1,"33":2,"34":2,"35":2,"36":2,"37":2,"38":2,"39":1,"40":1},"f":{"0":2,"1":3,"2":4,"3":2,"4":2,"5":2,"6":2,"7":1,"8":1,"9":2,"10":2,"11":2},"b":{"0":[1,2],"1":[2,0],"2":[1,3],"3":[1,2],"4":[2,0],"5":[1,1],"6":[1,0],"7":[1,1]},"meta":{"lastBranch":8,"lastFunction":12,"lastStatement":41,"seen":{"s:4:35:89:3":0,"f:4:43:4:44":0,"s:4:53:89:1":1,"f:9:16:9:21":1,"s:10:8:10:30":2,"s:11:8:23:9":3,"s:12:36:15:58":4,"b:17:12:17:34:undefined:undefined:undefined:undefined":0,"s:17:12:17:34":5,"s:17:23:17:34":6,"s:18:12:18:38":7,"b:18:25:18:29:18:33:18:35":1,"s:20:12:20:41":8,"s:22:12:22:35":9,"f:26:13:26:18":2,"s:27:8:43:9":10,"s:28:39:28:68":11,"b:29:12:29:60:undefined:undefined:undefined:undefined":2,"s:29:12:29:60":12,"s:29:23:29:60":13,"s:31:36:34:25":14,"b:36:12:36:34:undefined:undefined:undefined:undefined":3,"s:36:12:36:34":15,"s:36:23:36:34":16,"s:38:12:38:66":17,"f:38:16:38:17":3,"s:38:28:38:64":18,"s:39:12:39:36":19,"s:41:12:41:41":20,"s:42:12:42:59":21,"f:46:16:46:21":4,"s:47:8:69:9":22,"s:49:12:53:15":23,"f:49:16:49:17":5,"s:49:28:53:13":24,"f:50:39:50:43":6,"s:51:20:51:64":25,"b:51:37:51:57:51:60:51:64":4,"s:55:30:58:29":26,"b:60:12:60:34:undefined:undefined:undefined:undefined":5,"s:60:12:60:34":27,"s:60:23:60:34":28,"s:63:12:67:15":29,"f:63:16:63:17":7,"s:63:28:67:13":30,"f:64:39:64:43":8,"s:65:20:65:74":31,"b:65:37:65:67:65:70:65:74":6,"s:68:12:68:41":32,"f:72:16:72:21":9,"s:73:8:87:9":33,"s:74:12:76:15":34,"f:74:16:74:17":10,"s:74:28:76:13":35,"f:75:42:75:46":11,"s:75:50:75:64":36,"s:78:30:81:29":37,"b:83:12:83:34:undefined:undefined:undefined:undefined":7,"s:83:12:83:34":38,"s:83:23:83:34":39,"s:85:12:85:41":40}}}
,"C:\\Users\\gureh\\OneDrive\\Desktop\\Coding\\Personal Projects\\PANTRYCHEFFV3\\PANTRYCHEFFV3\\src\\utils\\recipeMatching.js": {"path":"C:\\Users\\gureh\\OneDrive\\Desktop\\Coding\\Personal Projects\\PANTRYCHEFFV3\\PANTRYCHEFFV3\\src\\utils\\recipeMatching.js","statementMap":{"0":{"start":{"line":1,"column":25},"end":{"line":7,"column":1}},"1":{"start":{"line":2,"column":4},"end":{"line":2,"column":23}},"2":{"start":{"line":2,"column":14},"end":{"line":2,"column":23}},"3":{"start":{"line":4,"column":4},"end":{"line":6,"column":15}},"4":{"start":{"line":9,"column":30},"end":{"line":57,"column":1}},"5":{"start":{"line":10,"column":22},"end":{"line":16,"column":5}},"6":{"start":{"line":11,"column":8},"end":{"line":11,"column":27}},"7":{"start":{"line":11,"column":18},"end":{"line":11,"column":27}},"8":{"start":{"line":13,"column":8},"end":{"line":15,"column":19}},"9":{"start":{"line":18,"column":28},"end":{"line":18,"column":85}},"10":{"start":{"line":19,"column":23},"end":{"line":19,"column":68}},"11":{"start":{"line":21,"column":24},"end":{"line":21,"column":78}},"12":{"start":{"line":21,"column":55},"end":{"line":21,"column":76}},"13":{"start":{"line":22,"column":23},"end":{"line":22,"column":46}},"14":{"start":{"line":24,"column":20},"end":{"line":24,"column":22}},"15":{"start":{"line":25,"column":20},"end":{"line":25,"column":22}},"16":{"start":{"line":27,"column":4},"end":{"line":52,"column":6}},"17":{"start":{"line":28,"column":37},"end":{"line":28,"column":58}},"18":{"start":{"line":41,"column":24},"end":{"line":45,"column":10}},"19":{"start":{"line":42,"column":12},"end":{"line":42,"column":41}},"20":{"start":{"line":42,"column":29},"end":{"line":42,"column":41}},"21":{"start":{"line":44,"column":12},"end":{"line":44,"column":60}},"22":{"start":{"line":47,"column":8},"end":{"line":51,"column":9}},"23":{"start":{"line":48,"column":12},"end":{"line":48,"column":36}},"24":{"start":{"line":50,"column":12},"end":{"line":50,"column":36}},"25":{"start":{"line":54,"column":18},"end":{"line":54,"column":115}},"26":{"start":{"line":56,"column":4},"end":{"line":56,"column":38}}},"fnMap":{"0":{"name":"(anonymous_0)","decl":{"start":{"line":1,"column":25},"end":{"line":1,"column":26}},"loc":{"start":{"line":1,"column":34},"end":{"line":7,"column":1}},"line":1},"1":{"name":"(anonymous_1)","decl":{"start":{"line":9,"column":30},"end":{"line":9,"column":31}},"loc":{"start":{"line":9,"column":66},"end":{"line":57,"column":1}},"line":9},"2":{"name":"(anonymous_2)","decl":{"start":{"line":10,"column":22},"end":{"line":10,"column":23}},"loc":{"start":{"line":10,"column":31},"end":{"line":16,"column":5}},"line":10},"3":{"name":"(anonymous_3)","decl":{"start":{"line":21,"column":47},"end":{"line":21,"column":51}},"loc":{"start":{"line":21,"column":55},"end":{"line":21,"column":76}},"line":21},"4":{"name":"(anonymous_4)","decl":{"start":{"line":27,"column":28},"end":{"line":27,"column":38}},"loc":{"start":{"line":27,"column":42},"end":{"line":52,"column":5}},"line":27},"5":{"name":"(anonymous_5)","decl":{"start":{"line":41,"column":40},"end":{"line":41,"column":50}},"loc":{"start":{"line":41,"column":54},"end":{"line":45,"column":9}},"line":41}},"branchMap":{"0":{"loc":{"start":{"line":2,"column":4},"end":{"line":2,"column":23}},"type":"if","locations":[{"start":{"line":2,"column":4},"end":{"line":2,"column":23}},{"start":{},"end":{}}],"line":2},"1":{"loc":{"start":{"line":11,"column":8},"end":{"line":11,"column":27}},"type":"if","locations":[{"start":{"line":11,"column":8},"end":{"line":11,"column":27}},{"start":{},"end":{}}],"line":11},"2":{"loc":{"start":{"line":18,"column":28},"end":{"line":18,"column":85}},"type":"cond-expr","locations":[{"start":{"line":18,"column":63},"end":{"line":18,"column":80}},{"start":{"line":18,"column":83},"end":{"line":18,"column":85}}],"line":18},"3":{"loc":{"start":{"line":19,"column":23},"end":{"line":19,"column":68}},"type":"cond-expr","locations":[{"start":{"line":19,"column":52},"end":{"line":19,"column":63}},{"start":{"line":19,"column":66},"end":{"line":19,"column":68}}],"line":19},"4":{"loc":{"start":{"line":42,"column":12},"end":{"line":42,"column":41}},"type":"if","locations":[{"start":{"line":42,"column":12},"end":{"line":42,"column":41}},{"start":{},"end":{}}],"line":42},"5":{"loc":{"start":{"line":47,"column":8},"end":{"line":51,"column":9}},"type":"if","locations":[{"start":{"line":47,"column":8},"end":{"line":51,"column":9}},{"start":{"line":49,"column":15},"end":{"line":51,"column":9}}],"line":47},"6":{"loc":{"start":{"line":54,"column":18},"end":{"line":54,"column":115}},"type":"cond-expr","locations":[{"start":{"line":54,"column":47},"end":{"line":54,"column":111}},{"start":{"line":54,"column":114},"end":{"line":54,"column":115}}],"line":54},"7":{"loc":{"start":{"line":54,"column":47},"end":{"line":54,"column":111}},"type":"binary-expr","locations":[{"start":{"line":54,"column":47},"end":{"line":54,"column":106}},{"start":{"line":54,"column":110},"end":{"line":54,"column":111}}],"line":54}},"s":{"0":2,"1":8,"2":3,"3":5,"4":2,"5":23,"6":61,"7":1,"8":60,"9":23,"10":23,"11":23,"12":24,"13":23,"14":23,"15":23,"16":23,"17":37,"18":37,"19":38,"20":1,"21":37,"22":37,"23":19,"24":18,"25":23,"26":23},"f":{"0":8,"1":23,"2":61,"3":24,"4":37,"5":38},"b":{"0":[3,5],"1":[1,60],"2":[22,1],"3":[22,1],"4":[1,37],"5":[19,18],"6":[20,3],"7":[20,6]},"meta":{"lastBranch":8,"lastFunction":6,"lastStatement":27,"seen":{"s:1:25:7:1":0,"f:1:25:1:26":0,"b:2:4:2:23:undefined:undefined:undefined:undefined":0,"s:2:4:2:23":1,"s:2:14:2:23":2,"s:4:4:6:15":3,"s:9:30:57:1":4,"f:9:30:9:31":1,"s:10:22:16:5":5,"f:10:22:10:23":2,"b:11:8:11:27:undefined:undefined:undefined:undefined":1,"s:11:8:11:27":6,"s:11:18:11:27":7,"s:13:8:15:19":8,"s:18:28:18:85":9,"b:18:63:18:80:18:83:18:85":2,"s:19:23:19:68":10,"b:19:52:19:63:19:66:19:68":3,"s:21:24:21:78":11,"f:21:47:21:51":3,"s:21:55:21:76":12,"s:22:23:22:46":13,"s:24:20:24:22":14,"s:25:20:25:22":15,"s:27:4:52:6":16,"f:27:28:27:38":4,"s:28:37:28:58":17,"s:41:24:45:10":18,"f:41:40:41:50":5,"b:42:12:42:41:undefined:undefined:undefined:undefined":4,"s:42:12:42:41":19,"s:42:29:42:41":20,"s:44:12:44:60":21,"b:47:8:51:9:49:15:51:9":5,"s:47:8:51:9":22,"s:48:12:48:36":23,"s:50:12:50:36":24,"s:54:18:54:115":25,"b:54:47:54:111:54:114:54:115":6,"b:54:47:54:106:54:110:54:111":7,"s:56:4:56:38":26}}}
}
